[API.Admin][Tue, 11 Jul 2023 17:56:49 GMT] Setting up request middleware... 
[API.Admin][Tue, 11 Jul 2023 17:56:49 GMT] Server is starting... 
[API.Admin][Tue, 11 Jul 2023 17:56:49 GMT] Server is running on port 4400 
[API.Admin][Tue, 11 Jul 2023 17:56:50 GMT] Connected to database successfully 
[API.Admin][Tue, 11 Jul 2023 18:05:13 GMT] Setting up request middleware... 
[API.Admin][Tue, 11 Jul 2023 18:05:13 GMT] Server is starting... 
[API.Admin][Tue, 11 Jul 2023 18:05:13 GMT] Server is running on port 4400 
[API.Admin][Tue, 11 Jul 2023 18:05:14 GMT] Connected to database successfully 
[API.Admin][Tue, 11 Jul 2023 18:07:13 GMT] Setting up request middleware... 
[API.Admin][Tue, 11 Jul 2023 18:07:13 GMT] Server is starting... 
[API.Admin][Tue, 11 Jul 2023 18:07:13 GMT] Server is running on port 4400 
[API.Admin][Tue, 11 Jul 2023 18:07:14 GMT] Connected to database successfully 
[API.Admin][Tue, 11 Jul 2023 18:08:53 GMT] Setting up request middleware... 
[API.Admin][Tue, 11 Jul 2023 18:08:53 GMT] Server is starting... 
[API.Admin][Tue, 11 Jul 2023 18:08:53 GMT] Server is running on port 4400 
[API.Admin][Tue, 11 Jul 2023 18:08:54 GMT] Connected to database successfully 
[API.Admin][Tue, 11 Jul 2023 18:11:35 GMT] Setting up request middleware... 
[API.Admin][Tue, 11 Jul 2023 18:11:35 GMT] Server is starting... 
[API.Admin][Tue, 11 Jul 2023 18:11:35 GMT] Server is running on port 4400 
[API.Admin][Tue, 11 Jul 2023 18:11:36 GMT] Connected to database successfully 
[API.Admin][Tue, 11 Jul 2023 18:14:14 GMT] Setting up request middleware... 
[API.Admin][Tue, 11 Jul 2023 18:14:14 GMT] Server is starting... 
[API.Admin][Tue, 11 Jul 2023 18:14:14 GMT] Server is running on port 4400 
[API.Admin][Tue, 11 Jul 2023 18:14:15 GMT] Connected to database successfully 
[API.Admin][Tue, 11 Jul 2023 18:14:20 GMT] Setting up request middleware... 
[API.Admin][Tue, 11 Jul 2023 18:14:20 GMT] Server is starting... 
[API.Admin][Tue, 11 Jul 2023 18:14:20 GMT] Server is running on port 4400 
[API.Admin][Tue, 11 Jul 2023 18:14:22 GMT] Connected to database successfully 
[API.Admin][Tue, 11 Jul 2023 18:15:09 GMT] Setting up request middleware... 
[API.Admin][Tue, 11 Jul 2023 18:15:09 GMT] Server is starting... 
[API.Admin][Tue, 11 Jul 2023 18:15:09 GMT] Server is running on port 4400 
[API.Admin][Tue, 11 Jul 2023 18:15:09 GMT] Connected to database successfully 
[API.Admin][Tue, 11 Jul 2023 18:22:48 GMT] Setting up request middleware... 
[API.Admin][Tue, 11 Jul 2023 18:22:48 GMT] Server is starting... 
[API.Admin][Tue, 11 Jul 2023 18:22:48 GMT] Server is running on port 4400 
[API.Admin][Tue, 11 Jul 2023 18:22:49 GMT] Connected to database successfully 
[API.Admin][Wed, 12 Jul 2023 11:45:17 GMT] Setting up request middleware... 
[API.Admin][Wed, 12 Jul 2023 11:45:17 GMT] Server is starting... 
[API.Admin][Wed, 12 Jul 2023 11:45:17 GMT] Server is running on port 4400 
[API.Admin][Wed, 12 Jul 2023 11:45:17 GMT] Setting up request middleware... 
[API.Admin][Wed, 12 Jul 2023 11:45:18 GMT] Server is starting... 
[API.Admin][Wed, 12 Jul 2023 11:45:18 GMT] Server is running on port 4400 
[API.Admin][Wed, 12 Jul 2023 11:45:19 GMT] Connected to database successfully 
[API.Admin][Wed, 12 Jul 2023 11:45:19 GMT] Connected to database successfully 
[API.Admin][Wed, 12 Jul 2023 11:49:29 GMT] Setting up request middleware... 
[API.Admin][Wed, 12 Jul 2023 11:49:29 GMT] Server is starting... 
[API.Admin][Wed, 12 Jul 2023 11:49:29 GMT] Server is running on port 4400 
[API.Admin][Wed, 12 Jul 2023 11:49:29 GMT] Setting up request middleware... 
[API.Admin][Wed, 12 Jul 2023 11:49:29 GMT] Server is starting... 
[API.Admin][Wed, 12 Jul 2023 11:49:29 GMT] Server is running on port 4400 
[API.Admin][Wed, 12 Jul 2023 11:49:30 GMT] Connected to database successfully 
[API.Admin][Wed, 12 Jul 2023 11:49:30 GMT] Connected to database successfully 
[API.Admin][Wed, 12 Jul 2023 11:57:55 GMT] Setting up request middleware... 
[API.Admin][Wed, 12 Jul 2023 11:57:55 GMT] Server is starting... 
[API.Admin][Wed, 12 Jul 2023 11:57:55 GMT] Server is running on port 4400 
[API.Admin][Wed, 12 Jul 2023 11:57:56 GMT] Connected to database successfully 
[API.Admin][Wed, 12 Jul 2023 12:03:02 GMT] Setting up request middleware... 
[API.Admin][Wed, 12 Jul 2023 12:03:02 GMT] Server is starting... 
[API.Admin][Wed, 12 Jul 2023 12:03:02 GMT] Server is running on port 4400 
[API.Admin][Wed, 12 Jul 2023 12:03:04 GMT] Connected to database successfully 
[API.Admin][Wed, 12 Jul 2023 12:07:03 GMT] Setting up request middleware... 
[API.Admin][Wed, 12 Jul 2023 12:07:03 GMT] Server is starting... 
[API.Admin][Wed, 12 Jul 2023 12:07:03 GMT] Server is running on port 4400 
[API.Admin][Wed, 12 Jul 2023 12:07:04 GMT] Connected to database successfully 
[API.Admin][Wed, 12 Jul 2023 14:57:47 GMT] Setting up request middleware... 
[API.Admin][Wed, 12 Jul 2023 14:57:47 GMT] Server is starting... 
[API.Admin][Wed, 12 Jul 2023 14:57:47 GMT] Server is running on port 4400 
[API.Admin][Wed, 12 Jul 2023 14:57:48 GMT] Connected to database successfully 
[API.Admin][Wed, 12 Jul 2023 14:58:48 GMT] Setting up request middleware... 
[API.Admin][Wed, 12 Jul 2023 14:58:48 GMT] Server is starting... 
[API.Admin][Wed, 12 Jul 2023 14:58:48 GMT] Server is running on port 4400 
[API.Admin][Wed, 12 Jul 2023 14:58:49 GMT] Connected to database successfully 
[API.Admin][Wed, 12 Jul 2023 15:12:52 GMT] Setting up request middleware... 
[API.Admin][Wed, 12 Jul 2023 15:12:52 GMT] Server is starting... 
[API.Admin][Wed, 12 Jul 2023 15:12:52 GMT] Server is running on port 4400 
[API.Admin][Wed, 12 Jul 2023 15:12:53 GMT] Connected to database successfully 
[API.Admin][Wed, 12 Jul 2023 15:15:59 GMT] Setting up request middleware... 
[API.Admin][Wed, 12 Jul 2023 15:15:59 GMT] Server is starting... 
[API.Admin][Wed, 12 Jul 2023 15:15:59 GMT] Server is running on port 4400 
[API.Admin][Wed, 12 Jul 2023 15:16:00 GMT] Connected to database successfully 
[API.Admin][Wed, 12 Jul 2023 15:29:06 GMT] Setting up request middleware... 
[API.Admin][Wed, 12 Jul 2023 15:29:06 GMT] Server is starting... 
[API.Admin][Wed, 12 Jul 2023 15:29:06 GMT] Server is running on port 4400 
[API.Admin][Wed, 12 Jul 2023 15:29:07 GMT] Connected to database successfully 
[API.Admin][Wed, 12 Jul 2023 16:02:05 GMT] Setting up request middleware... 
[API.Admin][Wed, 12 Jul 2023 16:02:05 GMT] Server is starting... 
[API.Admin][Wed, 12 Jul 2023 16:02:05 GMT] Server is running on port 4400 
[API.Admin][Wed, 12 Jul 2023 16:02:06 GMT] Connected to database successfully 
[API.Admin][Wed, 12 Jul 2023 16:58:27 GMT] Setting up request middleware... 
[API.Admin][Wed, 12 Jul 2023 16:58:27 GMT] Server is starting... 
[API.Admin][Wed, 12 Jul 2023 16:58:27 GMT] Server is running on port 4400 
[API.Admin][Wed, 12 Jul 2023 16:58:28 GMT] Connected to database successfully 
[API.Admin][Thu, 20 Jul 2023 08:02:22 GMT] Setting up request middleware... 
[API.Admin][Thu, 20 Jul 2023 08:02:22 GMT] Server is starting... 
[API.Admin][Thu, 20 Jul 2023 08:02:22 GMT] Server is running on port 4400 
[API.Admin][Thu, 20 Jul 2023 08:02:22 GMT] Connected to database successfully 
[API.Admin][Thu, 20 Jul 2023 08:11:09 GMT] Setting up request middleware... 
[API.Admin][Thu, 20 Jul 2023 08:11:09 GMT] Server is starting... 
[API.Admin][Thu, 20 Jul 2023 08:11:09 GMT] Server is running on port 4400 
[API.Admin][Thu, 20 Jul 2023 08:11:09 GMT] Connected to database successfully 
[API.Admin][Thu, 20 Jul 2023 09:09:47 GMT] Setting up request middleware... 
[API.Admin][Thu, 20 Jul 2023 09:09:47 GMT] Server is starting... 
[API.Admin][Thu, 20 Jul 2023 09:09:47 GMT] Server is running on port 4400 
[API.Admin][Thu, 20 Jul 2023 09:09:48 GMT] Connected to database successfully 
[API.Admin][Thu, 20 Jul 2023 09:10:51 GMT] Setting up request middleware... 
[API.Admin][Thu, 20 Jul 2023 09:10:51 GMT] Server is starting... 
[API.Admin][Thu, 20 Jul 2023 09:10:51 GMT] Server is running on port 4400 
[API.Admin][Thu, 20 Jul 2023 09:10:52 GMT] Connected to database successfully 
[API.Admin][Fri, 21 Jul 2023 12:02:59 GMT] Setting up request middleware... 
[API.Admin][Fri, 21 Jul 2023 12:02:59 GMT] Server is starting... 
[API.Admin][Fri, 21 Jul 2023 12:02:59 GMT] Server is running on port 4400 
[API.Admin][Fri, 21 Jul 2023 12:03:00 GMT] Connected to database successfully 
[API.Admin][Fri, 21 Jul 2023 12:49:26 GMT] Setting up request middleware... 
[API.Admin][Fri, 21 Jul 2023 12:49:26 GMT] Server is starting... 
[API.Admin][Fri, 21 Jul 2023 12:49:26 GMT] Server is running on port 4400 
[API.Admin][Fri, 21 Jul 2023 12:49:27 GMT] Connected to database successfully 
[API.Admin][Fri, 21 Jul 2023 12:46:09 GMT] Setting up request middleware... 
[API.Admin][Fri, 21 Jul 2023 12:46:09 GMT] Server is starting... 
[API.Admin][Fri, 21 Jul 2023 12:46:09 GMT] Server is running on port 4400 
[API.Admin][Fri, 21 Jul 2023 12:46:10 GMT] Connected to database successfully 
[API.Admin][Thu, 27 Jul 2023 05:27:10 GMT] Setting up request middleware... 
[API.Admin][Thu, 27 Jul 2023 05:27:10 GMT] Server is starting... 
[API.Admin][Thu, 27 Jul 2023 05:27:10 GMT] Server is running on port 4400 
[API.Admin][Thu, 27 Jul 2023 05:27:10 GMT] Connected to database successfully 
[API.Admin][Thu, 27 Jul 2023 05:31:57 GMT] Setting up request middleware... 
[API.Admin][Thu, 27 Jul 2023 05:31:57 GMT] Server is running on port 4400 
[API.Admin][Thu, 27 Jul 2023 05:31:57 GMT] Server is starting... 
[API.Admin][Thu, 27 Jul 2023 05:31:58 GMT] Connected to database successfully 
[API.Admin][Thu, 27 Jul 2023 06:25:15 GMT] Setting up request middleware... 
[API.Admin][Thu, 27 Jul 2023 06:25:15 GMT] Server is starting... 
[API.Admin][Thu, 27 Jul 2023 06:25:15 GMT] Server is running on port 4400 
[API.Admin][Thu, 27 Jul 2023 06:25:18 GMT] Connected to database successfully 
[API.Admin][Fri, 28 Jul 2023 08:06:28 GMT] Setting up request middleware... 
[API.Admin][Fri, 28 Jul 2023 08:06:28 GMT] Server is starting... 
[API.Admin][Fri, 28 Jul 2023 08:06:28 GMT] Server is running on port 4400 
[API.Admin][Fri, 28 Jul 2023 08:06:29 GMT] Connected to database successfully 
