[API.Driver][Tue, 11 Jul 2023 17:56:49 GMT] Setting up request middleware... 
[API.Driver][Tue, 11 Jul 2023 17:56:49 GMT] Server is starting... 
[API.Driver][Tue, 11 Jul 2023 17:56:49 GMT] Server is running on port 4200 
[API.Driver][Tue, 11 Jul 2023 17:56:50 GMT] Connected to database successfully 
[API.Driver][Tue, 11 Jul 2023 18:05:13 GMT] Setting up request middleware... 
[API.Driver][Tue, 11 Jul 2023 18:05:13 GMT] Server is starting... 
[API.Driver][Tue, 11 Jul 2023 18:05:13 GMT] Server is running on port 4200 
[API.Driver][Tue, 11 Jul 2023 18:05:14 GMT] Connected to database successfully 
[API.Driver][Tue, 11 Jul 2023 18:07:13 GMT] Setting up request middleware... 
[API.Driver][Tue, 11 Jul 2023 18:07:13 GMT] Server is starting... 
[API.Driver][Tue, 11 Jul 2023 18:07:13 GMT] Server is running on port 4200 
[API.Driver][Tue, 11 Jul 2023 18:07:14 GMT] Connected to database successfully 
[API.Driver][Tue, 11 Jul 2023 18:08:53 GMT] Setting up request middleware... 
[API.Driver][Tue, 11 Jul 2023 18:08:53 GMT] Server is starting... 
[API.Driver][Tue, 11 Jul 2023 18:08:53 GMT] Server is running on port 4200 
[API.Driver][Tue, 11 Jul 2023 18:08:54 GMT] Connected to database successfully 
[API.Driver][Tue, 11 Jul 2023 18:09:08 GMT] Setting up request middleware... 
[API.Driver][Tue, 11 Jul 2023 18:09:08 GMT] Server is starting... 
[API.Driver][Tue, 11 Jul 2023 18:09:08 GMT] Server is running on port 4200 
[API.Driver][Tue, 11 Jul 2023 18:09:08 GMT] Connected to database successfully 
[API.Driver][Tue, 11 Jul 2023 18:11:35 GMT] Setting up request middleware... 
[API.Driver][Tue, 11 Jul 2023 18:11:35 GMT] Server is starting... 
[API.Driver][Tue, 11 Jul 2023 18:11:35 GMT] Server is running on port 4200 
[API.Driver][Tue, 11 Jul 2023 18:11:36 GMT] Connected to database successfully 
[API.Driver][Tue, 11 Jul 2023 18:13:15 GMT] Setting up request middleware... 
[API.Driver][Tue, 11 Jul 2023 18:13:15 GMT] Server is starting... 
[API.Driver][Tue, 11 Jul 2023 18:13:15 GMT] Server is running on port 4200 
[API.Driver][Tue, 11 Jul 2023 18:13:16 GMT] Connected to database successfully 
[API.Driver][Tue, 11 Jul 2023 18:13:34 GMT] Setting up request middleware... 
[API.Driver][Tue, 11 Jul 2023 18:13:34 GMT] Server is starting... 
[API.Driver][Tue, 11 Jul 2023 18:13:34 GMT] Server is running on port 4200 
[API.Driver][Tue, 11 Jul 2023 18:13:34 GMT] Connected to database successfully 
[API.Driver][Tue, 11 Jul 2023 18:15:08 GMT] Setting up request middleware... 
[API.Driver][Tue, 11 Jul 2023 18:15:08 GMT] Server is starting... 
[API.Driver][Tue, 11 Jul 2023 18:15:08 GMT] Server is running on port 4200 
[API.Driver][Tue, 11 Jul 2023 18:15:09 GMT] Connected to database successfully 
[API.Driver][Tue, 11 Jul 2023 18:22:48 GMT] Setting up request middleware... 
[API.Driver][Tue, 11 Jul 2023 18:22:48 GMT] Server is starting... 
[API.Driver][Tue, 11 Jul 2023 18:22:48 GMT] Server is running on port 4200 
[API.Driver][Tue, 11 Jul 2023 18:22:49 GMT] Connected to database successfully 
[API.Driver][Wed, 12 Jul 2023 11:49:20 GMT] Setting up request middleware... 
[API.Driver][Wed, 12 Jul 2023 11:49:20 GMT] Server is starting... 
[API.Driver][Wed, 12 Jul 2023 11:49:20 GMT] Server is running on port 4200 
[API.Driver][Wed, 12 Jul 2023 11:49:21 GMT] Connected to database successfully 
[API.Driver][Wed, 12 Jul 2023 11:57:55 GMT] Setting up request middleware... 
[API.Driver][Wed, 12 Jul 2023 11:57:55 GMT] Server is starting... 
[API.Driver][Wed, 12 Jul 2023 11:57:55 GMT] Server is running on port 4200 
[API.Driver][Wed, 12 Jul 2023 11:57:56 GMT] Connected to database successfully 
[API.Driver][Wed, 12 Jul 2023 12:03:03 GMT] Setting up request middleware... 
[API.Driver][Wed, 12 Jul 2023 12:03:03 GMT] Server is starting... 
[API.Driver][Wed, 12 Jul 2023 12:03:03 GMT] Server is running on port 4200 
[API.Driver][Wed, 12 Jul 2023 12:03:04 GMT] Connected to database successfully 
[API.Driver][Wed, 12 Jul 2023 12:07:03 GMT] Setting up request middleware... 
[API.Driver][Wed, 12 Jul 2023 12:07:03 GMT] Server is starting... 
[API.Driver][Wed, 12 Jul 2023 12:07:03 GMT] Server is running on port 4200 
[API.Driver][Wed, 12 Jul 2023 12:07:04 GMT] Connected to database successfully 
[API.Driver][Wed, 12 Jul 2023 14:57:47 GMT] Setting up request middleware... 
[API.Driver][Wed, 12 Jul 2023 14:57:47 GMT] Server is starting... 
[API.Driver][Wed, 12 Jul 2023 14:57:47 GMT] Server is running on port 4200 
[API.Driver][Wed, 12 Jul 2023 14:57:48 GMT] Connected to database successfully 
[API.Driver][Wed, 12 Jul 2023 14:58:48 GMT] Setting up request middleware... 
[API.Driver][Wed, 12 Jul 2023 14:58:48 GMT] Server is starting... 
[API.Driver][Wed, 12 Jul 2023 14:58:48 GMT] Server is running on port 4200 
[API.Driver][Wed, 12 Jul 2023 14:58:49 GMT] Connected to database successfully 
[API.Driver][Wed, 12 Jul 2023 15:12:52 GMT] Setting up request middleware... 
[API.Driver][Wed, 12 Jul 2023 15:12:52 GMT] Server is starting... 
[API.Driver][Wed, 12 Jul 2023 15:12:52 GMT] Server is running on port 4200 
[API.Driver][Wed, 12 Jul 2023 15:12:53 GMT] Connected to database successfully 
[API.Driver][Wed, 12 Jul 2023 15:15:59 GMT] Setting up request middleware... 
[API.Driver][Wed, 12 Jul 2023 15:15:59 GMT] Server is starting... 
[API.Driver][Wed, 12 Jul 2023 15:15:59 GMT] Server is running on port 4200 
[API.Driver][Wed, 12 Jul 2023 15:16:00 GMT] Connected to database successfully 
[API.Driver][Wed, 12 Jul 2023 15:29:06 GMT] Setting up request middleware... 
[API.Driver][Wed, 12 Jul 2023 15:29:06 GMT] Server is starting... 
[API.Driver][Wed, 12 Jul 2023 15:29:06 GMT] Server is running on port 4200 
[API.Driver][Wed, 12 Jul 2023 15:29:07 GMT] Connected to database successfully 
[API.Driver][Wed, 12 Jul 2023 16:02:04 GMT] Setting up request middleware... 
[API.Driver][Wed, 12 Jul 2023 16:02:04 GMT] Server is starting... 
[API.Driver][Wed, 12 Jul 2023 16:02:04 GMT] Server is running on port 4200 
[API.Driver][Wed, 12 Jul 2023 16:02:05 GMT] Connected to database successfully 
[API.Driver][Wed, 12 Jul 2023 16:58:27 GMT] Setting up request middleware... 
[API.Driver][Wed, 12 Jul 2023 16:58:27 GMT] Server is starting... 
[API.Driver][Wed, 12 Jul 2023 16:58:28 GMT] Server is running on port 4200 
[API.Driver][Wed, 12 Jul 2023 16:58:28 GMT] Connected to database successfully 
[API.Driver][Thu, 20 Jul 2023 08:02:21 GMT] Setting up request middleware... 
[API.Driver][Thu, 20 Jul 2023 08:02:21 GMT] Server is starting... 
[API.Driver][Thu, 20 Jul 2023 08:02:21 GMT] Server is running on port 4200 
[API.Driver][Thu, 20 Jul 2023 08:02:22 GMT] Connected to database successfully 
[API.Driver][Thu, 20 Jul 2023 08:11:08 GMT] Setting up request middleware... 
[API.Driver][Thu, 20 Jul 2023 08:11:08 GMT] Server is starting... 
[API.Driver][Thu, 20 Jul 2023 08:11:08 GMT] Server is running on port 4200 
[API.Driver][Thu, 20 Jul 2023 08:11:09 GMT] Connected to database successfully 
[API.Driver][Fri, 21 Jul 2023 12:02:59 GMT] Setting up request middleware... 
[API.Driver][Fri, 21 Jul 2023 12:02:59 GMT] Server is starting... 
[API.Driver][Fri, 21 Jul 2023 12:02:59 GMT] Server is running on port 4200 
[API.Driver][Fri, 21 Jul 2023 12:03:00 GMT] Connected to database successfully 
[API.Driver][Thu, 27 Jul 2023 12:09:09 GMT] Setting up request middleware... 
[API.Driver][Thu, 27 Jul 2023 12:09:09 GMT] Server is starting... 
[API.Driver][Thu, 27 Jul 2023 12:09:09 GMT] Server is running on port 4200 
[API.Driver][Thu, 27 Jul 2023 12:09:11 GMT] Connected to database successfully 
[API.Driver][Thu, 27 Jul 2023 14:20:11 GMT] Setting up request middleware... 
[API.Driver][Thu, 27 Jul 2023 14:20:11 GMT] Server is starting... 
[API.Driver][Thu, 27 Jul 2023 14:20:11 GMT] Server is running on port 4200 
[API.Driver][Thu, 27 Jul 2023 14:20:12 GMT] Connected to database successfully 
[API.Driver][Fri, 28 Jul 2023 12:06:19 GMT] Setting up request middleware... 
[API.Driver][Fri, 28 Jul 2023 12:06:19 GMT] Server is starting... 
[API.Driver][Fri, 28 Jul 2023 12:06:19 GMT] Server is running on port 4200 
[API.Driver][Fri, 28 Jul 2023 12:06:20 GMT] Connected to database successfully 
[API.Driver][Fri, 28 Jul 2023 14:24:58 GMT] Setting up request middleware... 
[API.Driver][Fri, 28 Jul 2023 14:24:58 GMT] Server is starting... 
[API.Driver][Fri, 28 Jul 2023 14:24:58 GMT] Server is running on port 4200 
[API.Driver][Fri, 28 Jul 2023 14:24:59 GMT] Connected to database successfully 
[API.Driver][Sat, 29 Jul 2023 01:31:16 GMT] Setting up request middleware... 
[API.Driver][Sat, 29 Jul 2023 01:31:16 GMT] Server is starting... 
[API.Driver][Sat, 29 Jul 2023 01:31:16 GMT] Server is running on port 4200 
[API.Driver][Sat, 29 Jul 2023 01:31:17 GMT] Connected to database successfully 
[API.Driver][Sat, 29 Jul 2023 13:09:48 GMT] Setting up request middleware... 
[API.Driver][Sat, 29 Jul 2023 13:09:48 GMT] Server is starting... 
[API.Driver][Sat, 29 Jul 2023 13:09:48 GMT] Server is running on port 4200 
[API.Driver][Sat, 29 Jul 2023 13:09:49 GMT] Connected to database successfully 
[API.Driver][Sun, 30 Jul 2023 11:40:01 GMT] Setting up request middleware... 
[API.Driver][Sun, 30 Jul 2023 11:40:01 GMT] Server is starting... 
[API.Driver][Sun, 30 Jul 2023 11:40:01 GMT] Server is running on port 4200 
[API.Driver][Sun, 30 Jul 2023 11:40:02 GMT] Connected to database successfully 
[API.Driver][Sun, 30 Jul 2023 15:38:23 GMT] Setting up request middleware... 
[API.Driver][Sun, 30 Jul 2023 15:38:23 GMT] Server is starting... 
[API.Driver][Sun, 30 Jul 2023 15:38:23 GMT] Server is running on port 4200 
[API.Driver][Sun, 30 Jul 2023 15:38:24 GMT] Connected to database successfully 
[API.Driver][Tue, 25 Jul 2023 06:37:38 GMT] Setting up request middleware... 
[API.Driver][Tue, 25 Jul 2023 06:37:38 GMT] Server is running on port 4200 
[API.Driver][Tue, 25 Jul 2023 06:37:38 GMT] Server is starting... 
[API.Driver][Tue, 25 Jul 2023 06:37:39 GMT] Connected to database successfully 
[API.Driver][Tue, 25 Jul 2023 13:59:40 GMT] Setting up request middleware... 
[API.Driver][Tue, 25 Jul 2023 13:59:40 GMT] Server is starting... 
[API.Driver][Tue, 25 Jul 2023 13:59:40 GMT] Server is running on port 4200 
[API.Driver][Tue, 25 Jul 2023 13:59:41 GMT] Connected to database successfully 
[API.Driver][Tue, 25 Jul 2023 07:10:39 GMT] Setting up request middleware... 
[API.Driver][Tue, 25 Jul 2023 07:10:39 GMT] Server is running on port 4200 
[API.Driver][Tue, 25 Jul 2023 07:10:39 GMT] Server is starting... 
[API.Driver][Tue, 25 Jul 2023 07:10:40 GMT] Connected to database successfully 
[API.Driver][Wed, 26 Jul 2023 07:17:43 GMT] Setting up request middleware... 
[API.Driver][Wed, 26 Jul 2023 07:17:43 GMT] Server is running on port 4200 
[API.Driver][Wed, 26 Jul 2023 07:17:43 GMT] Server is starting... 
[API.Driver][Wed, 26 Jul 2023 07:17:44 GMT] Connected to database successfully 
[API.Driver][Wed, 26 Jul 2023 07:24:55 GMT] Setting up request middleware... 
[API.Driver][Wed, 26 Jul 2023 07:24:55 GMT] Server is running on port 4200 
[API.Driver][Wed, 26 Jul 2023 07:24:55 GMT] Server is starting... 
[API.Driver][Wed, 26 Jul 2023 07:24:56 GMT] Connected to database successfully 
[API.Driver][Fri, 28 Jul 2023 10:56:39 GMT] Setting up request middleware... 
[API.Driver][Fri, 28 Jul 2023 10:56:39 GMT] Server is starting... 
[API.Driver][Fri, 28 Jul 2023 10:56:40 GMT] Server is running on port 4200 
[API.Driver][Fri, 28 Jul 2023 10:56:40 GMT] Connected to database successfully 
[API.Driver][Fri, 28 Jul 2023 12:44:41 GMT] Setting up request middleware... 
[API.Driver][Fri, 28 Jul 2023 12:44:41 GMT] Server is starting... 
[API.Driver][Fri, 28 Jul 2023 12:44:41 GMT] Server is running on port 4200 
[API.Driver][Fri, 28 Jul 2023 12:44:42 GMT] Connected to database successfully 
[API.Driver][Thu, 27 Jul 2023 05:27:10 GMT] Setting up request middleware... 
[API.Driver][Thu, 27 Jul 2023 05:27:10 GMT] Server is starting... 
[API.Driver][Thu, 27 Jul 2023 05:27:10 GMT] Server is running on port 4200 
[API.Driver][Thu, 27 Jul 2023 05:27:10 GMT] Connected to database successfully 
[API.Driver][Thu, 27 Jul 2023 05:31:57 GMT] Setting up request middleware... 
[API.Driver][Thu, 27 Jul 2023 05:31:57 GMT] Server is running on port 4200 
[API.Driver][Thu, 27 Jul 2023 05:31:57 GMT] Server is starting... 
[API.Driver][Thu, 27 Jul 2023 05:31:58 GMT] Connected to database successfully 

[API.Driver][Sat, 29 Jul 2023 04:51:08 GMT] Setting up request middleware... 
[API.Driver][Sat, 29 Jul 2023 04:51:08 GMT] Server is starting... 
[API.Driver][Sat, 29 Jul 2023 04:51:08 GMT] Server is running on port 4200 
[API.Driver][Sat, 29 Jul 2023 04:51:10 GMT] Connected to database successfully 
[API.Driver][Sat, 29 Jul 2023 06:52:26 GMT] Setting up request middleware... 
[API.Driver][Sat, 29 Jul 2023 06:52:26 GMT] Server is starting... 
[API.Driver][Sat, 29 Jul 2023 06:52:26 GMT] Server is running on port 4200 
[API.Driver][Sat, 29 Jul 2023 06:52:27 GMT] Connected to database successfully 
[API.Driver][Sun, 30 Jul 2023 14:04:15 GMT] Setting up request middleware... 
[API.Driver][Sun, 30 Jul 2023 14:04:15 GMT] Server is starting... 
[API.Driver][Sun, 30 Jul 2023 14:04:15 GMT] Server is running on port 4200 
[API.Driver][Sun, 30 Jul 2023 14:04:16 GMT] Connected to database successfully 
[API.Driver][Sun, 30 Jul 2023 14:11:34 GMT] Setting up request middleware... 
[API.Driver][Sun, 30 Jul 2023 14:11:34 GMT] Server is starting... 
[API.Driver][Sun, 30 Jul 2023 14:11:34 GMT] Server is running on port 4200 
[API.Driver][Sun, 30 Jul 2023 14:11:35 GMT] Connected to database successfully 
[API.Driver][Sun, 30 Jul 2023 14:20:43 GMT] Setting up request middleware... 
[API.Driver][Sun, 30 Jul 2023 14:20:43 GMT] Server is starting... 
[API.Driver][Sun, 30 Jul 2023 14:20:43 GMT] Server is running on port 4200 
[API.Driver][Sun, 30 Jul 2023 14:20:44 GMT] Connected to database successfully 
[API.Driver][Sun, 30 Jul 2023 14:25:05 GMT] Setting up request middleware... 
[API.Driver][Sun, 30 Jul 2023 14:25:05 GMT] Server is starting... 
[API.Driver][Sun, 30 Jul 2023 14:25:05 GMT] Server is running on port 4200 
[API.Driver][Sun, 30 Jul 2023 14:25:05 GMT] Connected to database successfully 
[API.Driver][Sun, 30 Jul 2023 17:22:28 GMT] Setting up request middleware... 
[API.Driver][Sun, 30 Jul 2023 17:22:28 GMT] Server is starting... 
[API.Driver][Sun, 30 Jul 2023 17:22:28 GMT] Server is running on port 4200 
[API.Driver][Sun, 30 Jul 2023 17:22:29 GMT] Connected to database successfully 
[API.Driver][Fri, 28 Jul 2023 08:06:28 GMT] Setting up request middleware... 
[API.Driver][Fri, 28 Jul 2023 08:06:29 GMT] Server is starting... 
[API.Driver][Fri, 28 Jul 2023 08:06:29 GMT] Server is running on port 4200 
[API.Driver][Fri, 28 Jul 2023 08:06:29 GMT] Connected to database successfully 
[API.Driver][Fri, 28 Jul 2023 12:55:10 GMT] Setting up request middleware... 
[API.Driver][Fri, 28 Jul 2023 12:55:10 GMT] Server is starting... 
[API.Driver][Fri, 28 Jul 2023 12:55:10 GMT] Server is running on port 4200 
[API.Driver][Fri, 28 Jul 2023 12:55:11 GMT] Connected to database successfully 
[API.Driver][Sun, 30 Jul 2023 15:27:16 GMT] Setting up request middleware... 
[API.Driver][Sun, 30 Jul 2023 15:27:16 GMT] Server is starting... 
[API.Driver][Sun, 30 Jul 2023 15:27:16 GMT] Server is running on port 4200 
[API.Driver][Sun, 30 Jul 2023 15:27:17 GMT] Connected to database successfully 
[API.Driver][Sun, 30 Jul 2023 15:39:43 GMT] Setting up request middleware... 
[API.Driver][Sun, 30 Jul 2023 15:39:43 GMT] Server is starting... 
[API.Driver][Sun, 30 Jul 2023 15:39:43 GMT] Server is running on port 4200 
[API.Driver][Sun, 30 Jul 2023 15:39:44 GMT] Connected to database successfully 

[API.Driver][Tue, 01 Aug 2023 06:14:16 GMT] Setting up request middleware... 
[API.Driver][Tue, 01 Aug 2023 06:14:16 GMT] Server is starting... 
[API.Driver][Tue, 01 Aug 2023 06:14:16 GMT] Server is running on port 4200 
[API.Driver][Tue, 01 Aug 2023 06:14:20 GMT] Could not connect to the database Error: querySrv ESERVFAIL _mongodb._tcp.kabgo.0gvxjhk.mongodb.net 
[API.Driver][Tue, 01 Aug 2023 11:32:02 GMT] Setting up request middleware... 
[API.Driver][Tue, 01 Aug 2023 11:32:02 GMT] Server is starting... 
[API.Driver][Tue, 01 Aug 2023 11:32:02 GMT] Server is running on port 4200 
[API.Driver][Tue, 01 Aug 2023 11:32:03 GMT] Connected to database successfully 
[API.Driver][Tue, 01 Aug 2023 14:06:49 GMT] Setting up request middleware... 
[API.Driver][Tue, 01 Aug 2023 14:06:49 GMT] Server is starting... 
[API.Driver][Tue, 01 Aug 2023 14:06:49 GMT] Server is running on port 4200 
[API.Driver][Tue, 01 Aug 2023 14:06:50 GMT] Connected to database successfully 
[API.Driver][Tue, 01 Aug 2023 16:59:28 GMT] Setting up request middleware... 
[API.Driver][Tue, 01 Aug 2023 16:59:28 GMT] Server is starting... 
[API.Driver][Tue, 01 Aug 2023 16:59:28 GMT] Server is running on port 4200 
[API.Driver][Tue, 01 Aug 2023 16:59:29 GMT] Connected to database successfully 
[API.Driver][Tue, 01 Aug 2023 17:04:43 GMT] Setting up request middleware... 
[API.Driver][Tue, 01 Aug 2023 17:04:43 GMT] Server is starting... 
[API.Driver][Tue, 01 Aug 2023 17:04:43 GMT] Server is running on port 4200 
[API.Driver][Tue, 01 Aug 2023 17:04:44 GMT] Connected to database successfully 
[API.Driver][Thu, 03 Aug 2023 07:47:21 GMT] Setting up request middleware... 
[API.Driver][Thu, 03 Aug 2023 07:47:21 GMT] Server is starting... 
[API.Driver][Thu, 03 Aug 2023 07:47:21 GMT] Server is running on port 4200 
[API.Driver][Thu, 03 Aug 2023 07:47:23 GMT] Connected to database successfully 
[API.Driver][Sun, 30 Jul 2023 21:04:00 GMT] Setting up request middleware... 
[API.Driver][Sun, 30 Jul 2023 21:04:00 GMT] Server is starting... 
[API.Driver][Sun, 30 Jul 2023 21:04:00 GMT] Server is running on port 4200 
[API.Driver][Sun, 30 Jul 2023 21:04:01 GMT] Connected to database successfully 
[API.Driver][Mon, 31 Jul 2023 05:35:52 GMT] Setting up request middleware... 
[API.Driver][Mon, 31 Jul 2023 05:35:52 GMT] Server is running on port 4200 
[API.Driver][Mon, 31 Jul 2023 05:35:52 GMT] Server is starting... 
[API.Driver][Mon, 31 Jul 2023 05:35:53 GMT] Connected to database successfully 
[API.Driver][Mon, 31 Jul 2023 06:53:27 GMT] Setting up request middleware... 
[API.Driver][Mon, 31 Jul 2023 06:53:28 GMT] Server is running on port 4200 
[API.Driver][Mon, 31 Jul 2023 06:53:28 GMT] Server is starting... 
[API.Driver][Mon, 31 Jul 2023 06:53:28 GMT] Connected to database successfully 
[API.Driver][Mon, 31 Jul 2023 10:34:10 GMT] Setting up request middleware... 
[API.Driver][Mon, 31 Jul 2023 10:34:10 GMT] Server is starting... 
[API.Driver][Mon, 31 Jul 2023 10:34:10 GMT] Server is running on port 4200 
[API.Driver][Mon, 31 Jul 2023 10:34:11 GMT] Connected to database successfully 
[API.Driver][Mon, 31 Jul 2023 12:01:49 GMT] Setting up request middleware... 
[API.Driver][Mon, 31 Jul 2023 12:01:49 GMT] Server is starting... 
[API.Driver][Mon, 31 Jul 2023 12:01:49 GMT] Server is running on port 4200 
[API.Driver][Mon, 31 Jul 2023 12:01:49 GMT] Connected to database successfully 
[API.Driver][Mon, 31 Jul 2023 17:34:59 GMT] Setting up request middleware... 
[API.Driver][Mon, 31 Jul 2023 17:34:59 GMT] Server is starting... 
[API.Driver][Mon, 31 Jul 2023 17:34:59 GMT] Server is running on port 4200 
[API.Driver][Mon, 31 Jul 2023 17:35:00 GMT] Connected to database successfully 
[API.Driver][Tue, 01 Aug 2023 10:26:30 GMT] Setting up request middleware... 
[API.Driver][Tue, 01 Aug 2023 10:26:30 GMT] Server is starting... 
[API.Driver][Tue, 01 Aug 2023 10:26:30 GMT] Server is running on port 4200 
[API.Driver][Tue, 01 Aug 2023 10:26:31 GMT] Connected to database successfully 
[API.Driver][Tue, 01 Aug 2023 12:38:09 GMT] Setting up request middleware... 
[API.Driver][Tue, 01 Aug 2023 12:38:09 GMT] Server is starting... 
[API.Driver][Tue, 01 Aug 2023 12:38:09 GMT] Server is running on port 4200 
[API.Driver][Tue, 01 Aug 2023 12:38:09 GMT] Could not connect to the database Error: querySrv ENOTFOUND _mongodb._tcp.kabgo.0gvxjhk.mongodb.net 
[API.Driver][Tue, 01 Aug 2023 16:28:16 GMT] Setting up request middleware... 
[API.Driver][Tue, 01 Aug 2023 16:28:16 GMT] Server is starting... 
[API.Driver][Tue, 01 Aug 2023 16:28:16 GMT] Server is running on port 4200 
[API.Driver][Tue, 01 Aug 2023 16:28:16 GMT] Connected to database successfully 
[API.Driver][Wed, 02 Aug 2023 08:22:11 GMT] Setting up request middleware... 
[API.Driver][Wed, 02 Aug 2023 08:22:11 GMT] Server is starting... 
[API.Driver][Wed, 02 Aug 2023 08:22:11 GMT] Server is running on port 4200 
[API.Driver][Wed, 02 Aug 2023 08:22:12 GMT] Connected to database successfully 
[API.Driver][Wed, 02 Aug 2023 16:14:56 GMT] Setting up request middleware... 
[API.Driver][Wed, 02 Aug 2023 16:14:56 GMT] Server is starting... 
[API.Driver][Wed, 02 Aug 2023 16:14:56 GMT] Server is running on port 4200 
[API.Driver][Wed, 02 Aug 2023 16:14:57 GMT] Connected to database successfully 
[API.Driver][Thu, 03 Aug 2023 16:52:20 GMT] Setting up request middleware... 
[API.Driver][Thu, 03 Aug 2023 16:52:20 GMT] Server is starting... 
[API.Driver][Thu, 03 Aug 2023 16:52:20 GMT] Server is running on port 4200 
[API.Driver][Thu, 03 Aug 2023 16:52:21 GMT] Connected to database successfully 
[API.Driver][Thu, 03 Aug 2023 09:18:02 GMT] Setting up request middleware... 
[API.Driver][Thu, 03 Aug 2023 09:18:02 GMT] Server is starting... 
[API.Driver][Thu, 03 Aug 2023 09:18:02 GMT] Server is running on port 4200 
[API.Driver][Thu, 03 Aug 2023 09:18:10 GMT] Connected to database successfully 
[API.Driver][Thu, 03 Aug 2023 09:20:01 GMT] Setting up request middleware... 
[API.Driver][Thu, 03 Aug 2023 09:20:01 GMT] Server is starting... 
[API.Driver][Thu, 03 Aug 2023 09:20:01 GMT] Server is running on port 4200 
[API.Driver][Thu, 03 Aug 2023 09:20:11 GMT] Connected to database successfully 
[API.Driver][Thu, 03 Aug 2023 18:28:14 GMT] Setting up request middleware... 
[API.Driver][Thu, 03 Aug 2023 18:28:14 GMT] Server is starting... 
[API.Driver][Thu, 03 Aug 2023 18:28:14 GMT] Server is running on port 4200 
[API.Driver][Thu, 03 Aug 2023 18:28:15 GMT] Connected to database successfully 
[API.Driver][Thu, 03 Aug 2023 19:07:59 GMT] Server is starting... 
[API.Driver][Thu, 03 Aug 2023 19:07:59 GMT] Server is running on port 4200 
[API.Driver][Thu, 03 Aug 2023 19:07:59 GMT] Setting up request middleware... 
[API.Driver][Thu, 03 Aug 2023 19:08:00 GMT] Connected to database successfully 
[API.Driver][Thu, 03 Aug 2023 11:37:06 GMT] Setting up request middleware... 
[API.Driver][Thu, 03 Aug 2023 11:37:06 GMT] Server is starting... 
[API.Driver][Thu, 03 Aug 2023 11:37:06 GMT] Server is running on port 4200 
[API.Driver][Thu, 03 Aug 2023 11:37:07 GMT] Connected to database successfully 
[API.Driver][Thu, 03 Aug 2023 15:51:56 GMT] Setting up request middleware... 
[API.Driver][Thu, 03 Aug 2023 15:51:56 GMT] Server is starting... 
[API.Driver][Thu, 03 Aug 2023 15:51:56 GMT] Server is running on port 4200 
[API.Driver][Thu, 03 Aug 2023 15:51:57 GMT] Connected to database successfully 
[API.Driver][Fri, 04 Aug 2023 04:08:13 GMT] Setting up request middleware... 
[API.Driver][Fri, 04 Aug 2023 04:08:13 GMT] Server is starting... 
[API.Driver][Fri, 04 Aug 2023 04:08:13 GMT] Server is running on port 4200 
[API.Driver][Fri, 04 Aug 2023 04:08:14 GMT] Connected to database successfully 
[API.Driver][Fri, 04 Aug 2023 09:18:35 GMT] Setting up request middleware... 
[API.Driver][Fri, 04 Aug 2023 09:18:35 GMT] Server is starting... 
[API.Driver][Fri, 04 Aug 2023 09:18:35 GMT] Server is running on port 4200 
[API.Driver][Fri, 04 Aug 2023 09:18:36 GMT] Connected to database successfully 
[API.Driver][Fri, 04 Aug 2023 09:21:00 GMT] Client connected 
[API.Driver][Fri, 04 Aug 2023 09:21:45 GMT] Client disconnected 
[API.Driver][Fri, 04 Aug 2023 09:25:34 GMT] Client connected 
[API.Driver][Fri, 04 Aug 2023 09:25:47 GMT] Client disconnected 
[API.Driver][Fri, 04 Aug 2023 09:25:48 GMT] Client connected 
[API.Driver][Fri, 04 Aug 2023 09:25:58 GMT] Client disconnected 
[API.Driver][Fri, 04 Aug 2023 09:29:49 GMT] Client connected 
[API.Driver][Fri, 04 Aug 2023 09:30:34 GMT] Client disconnected 
[API.Driver][Fri, 04 Aug 2023 11:29:37 GMT] Client connected 
[API.Driver][Fri, 04 Aug 2023 11:29:38 GMT] Client disconnected 
[API.Driver][Fri, 04 Aug 2023 11:31:05 GMT] Client connected 
[API.Driver][Fri, 04 Aug 2023 11:31:05 GMT] Client disconnected 
[API.Driver][Fri, 04 Aug 2023 11:45:37 GMT] Client connected 
[API.Driver][Fri, 04 Aug 2023 11:45:37 GMT] Client disconnected 
[API.Driver][Fri, 04 Aug 2023 12:00:31 GMT] Setting up request middleware... 
[API.Driver][Fri, 04 Aug 2023 12:00:31 GMT] Server is starting... 
[API.Driver][Fri, 04 Aug 2023 12:00:31 GMT] Server is running on port 4200 
[API.Driver][Fri, 04 Aug 2023 12:00:32 GMT] Connected to database successfully 
[API.Driver][Fri, 04 Aug 2023 12:01:00 GMT] Setting up request middleware... 
[API.Driver][Fri, 04 Aug 2023 12:01:00 GMT] Server is starting... 
[API.Driver][Fri, 04 Aug 2023 12:01:00 GMT] Server is running on port 4200 
[API.Driver][Fri, 04 Aug 2023 12:01:01 GMT] Connected to database successfully 
[API.Driver][Fri, 04 Aug 2023 12:02:15 GMT] Setting up request middleware... 
[API.Driver][Fri, 04 Aug 2023 12:02:15 GMT] Server is starting... 
[API.Driver][Fri, 04 Aug 2023 12:02:15 GMT] Server is running on port 4200 
[API.Driver][Fri, 04 Aug 2023 12:02:16 GMT] Connected to database successfully 
[API.Driver][Fri, 04 Aug 2023 12:03:14 GMT] Setting up request middleware... 
[API.Driver][Fri, 04 Aug 2023 12:03:14 GMT] Server is starting... 
[API.Driver][Fri, 04 Aug 2023 12:03:14 GMT] Server is running on port 4200 
[API.Driver][Fri, 04 Aug 2023 12:03:15 GMT] Connected to database successfully 
[API.Driver][Fri, 04 Aug 2023 12:04:59 GMT] Setting up request middleware... 
[API.Driver][Fri, 04 Aug 2023 12:04:59 GMT] Server is starting... 
[API.Driver][Fri, 04 Aug 2023 12:04:59 GMT] Server is running on port 4200 
[API.Driver][Fri, 04 Aug 2023 12:05:00 GMT] Connected to database successfully 
[API.Driver][Fri, 04 Aug 2023 12:08:42 GMT] Setting up request middleware... 
[API.Driver][Fri, 04 Aug 2023 12:08:42 GMT] Server is starting... 
[API.Driver][Fri, 04 Aug 2023 12:08:42 GMT] Server is running on port 4200 
[API.Driver][Fri, 04 Aug 2023 12:08:43 GMT] Connected to database successfully 
[API.Driver][Fri, 04 Aug 2023 12:21:05 GMT] Setting up request middleware... 
[API.Driver][Fri, 04 Aug 2023 12:21:05 GMT] Server is starting... 
[API.Driver][Fri, 04 Aug 2023 12:21:05 GMT] Server is running on port 4200 
[API.Driver][Fri, 04 Aug 2023 12:21:06 GMT] Connected to database successfully 
[API.Driver][Fri, 04 Aug 2023 12:23:53 GMT] Client connected 
[API.Driver][Fri, 04 Aug 2023 12:24:28 GMT] Client disconnected 
[API.Driver][Fri, 04 Aug 2023 12:26:14 GMT] Client connected 
[API.Driver][Fri, 04 Aug 2023 12:26:59 GMT] Client disconnected 
[API.Driver][Fri, 04 Aug 2023 12:29:26 GMT] Client connected 
[API.Driver][Fri, 04 Aug 2023 12:30:02 GMT] Client disconnected 
[API.Driver][Fri, 04 Aug 2023 12:30:18 GMT] Client connected 
[API.Driver][Fri, 04 Aug 2023 12:31:02 GMT] Client disconnected 
[API.Driver][Fri, 04 Aug 2023 12:34:26 GMT] Client connected 
[API.Driver][Fri, 04 Aug 2023 12:34:44 GMT] Client disconnected 
[API.Driver][Fri, 04 Aug 2023 12:39:09 GMT] Client connected 
[API.Driver][Fri, 04 Aug 2023 12:39:21 GMT] Client disconnected 
[API.Driver][Fri, 04 Aug 2023 12:39:22 GMT] Client connected 
[API.Driver][Fri, 04 Aug 2023 12:39:59 GMT] Client disconnected 
[API.Driver][Fri, 04 Aug 2023 12:40:10 GMT] Client connected 
[API.Driver][Fri, 04 Aug 2023 12:40:35 GMT] Client disconnected 
[API.Driver][Fri, 04 Aug 2023 12:40:36 GMT] Client connected 
[API.Driver][Fri, 04 Aug 2023 12:41:08 GMT] Client disconnected 
[API.Driver][Fri, 04 Aug 2023 12:41:09 GMT] Client connected 
[API.Driver][Fri, 04 Aug 2023 12:41:26 GMT] Client disconnected 
[API.Driver][Fri, 04 Aug 2023 12:41:37 GMT] Client connected 
[API.Driver][Fri, 04 Aug 2023 12:41:52 GMT] Client disconnected 
[API.Driver][Fri, 04 Aug 2023 12:42:08 GMT] Client connected 
[API.Driver][Fri, 04 Aug 2023 12:43:27 GMT] Client disconnected 
[API.Driver][Fri, 04 Aug 2023 12:43:28 GMT] Client connected 
[API.Driver][Fri, 04 Aug 2023 13:09:11 GMT] Client disconnected 
[API.Driver][Fri, 04 Aug 2023 13:57:20 GMT] Client connected 
[API.Driver][Fri, 04 Aug 2023 13:57:31 GMT] Client disconnected 
[API.Driver][Fri, 04 Aug 2023 14:00:19 GMT] Client connected 
[API.Driver][Fri, 04 Aug 2023 14:02:29 GMT] Client disconnected 
[API.Driver][Fri, 04 Aug 2023 14:02:40 GMT] Client connected 
[API.Driver][Fri, 04 Aug 2023 14:10:30 GMT] Client disconnected 
[API.Driver][Fri, 04 Aug 2023 15:56:24 GMT] Client connected 
[API.Driver][Fri, 04 Aug 2023 15:59:46 GMT] Client disconnected 
[API.Driver][Fri, 04 Aug 2023 16:00:01 GMT] Client connected 
[API.Driver][Fri, 04 Aug 2023 16:30:07 GMT] Client disconnected 
[API.Driver][Fri, 04 Aug 2023 16:39:37 GMT] Client connected 
[API.Driver][Fri, 04 Aug 2023 16:39:50 GMT] Client disconnected 
[API.Driver][Fri, 04 Aug 2023 16:39:51 GMT] Client connected 
[API.Driver][Fri, 04 Aug 2023 16:40:36 GMT] Client disconnected 
[API.Driver][Fri, 04 Aug 2023 16:41:46 GMT] Client connected 
[API.Driver][Fri, 04 Aug 2023 16:42:33 GMT] Client disconnected 
[API.Driver][Fri, 04 Aug 2023 16:46:12 GMT] Client connected 
[API.Driver][Fri, 04 Aug 2023 16:46:56 GMT] Client disconnected 
[API.Driver][Fri, 04 Aug 2023 16:48:30 GMT] Client connected 
[API.Driver][Fri, 04 Aug 2023 16:49:09 GMT] Client disconnected 
[API.Driver][Fri, 04 Aug 2023 16:51:45 GMT] Client connected 
[API.Driver][Fri, 04 Aug 2023 17:01:23 GMT] Client disconnected 
[API.Driver][Fri, 04 Aug 2023 17:04:12 GMT] Client connected 
[API.Driver][Fri, 04 Aug 2023 17:04:51 GMT] Client disconnected 
[API.Driver][Fri, 04 Aug 2023 06:27:10 GMT] Setting up request middleware... 
[API.Driver][Fri, 04 Aug 2023 06:27:10 GMT] Server is starting... 
[API.Driver][Fri, 04 Aug 2023 06:27:10 GMT] Server is running on port 4200 
[API.Driver][Fri, 04 Aug 2023 06:27:11 GMT] Connected to database successfully 
[API.Driver][Fri, 04 Aug 2023 06:34:05 GMT] Setting up request middleware... 
[API.Driver][Fri, 04 Aug 2023 06:34:05 GMT] Server is starting... 
[API.Driver][Fri, 04 Aug 2023 06:34:05 GMT] Server is running on port 4200 
[API.Driver][Fri, 04 Aug 2023 06:34:10 GMT] Connected to database successfully 
[API.Driver][Fri, 04 Aug 2023 06:38:54 GMT] Setting up request middleware... 
[API.Driver][Fri, 04 Aug 2023 06:38:54 GMT] Server is starting... 
[API.Driver][Fri, 04 Aug 2023 06:38:54 GMT] Server is running on port 4200 
[API.Driver][Fri, 04 Aug 2023 06:38:55 GMT] Connected to database successfully 
[API.Driver][Fri, 04 Aug 2023 06:41:46 GMT] Setting up request middleware... 
[API.Driver][Fri, 04 Aug 2023 06:41:46 GMT] Server is starting... 
[API.Driver][Fri, 04 Aug 2023 06:41:46 GMT] Server is running on port 4200 
[API.Driver][Fri, 04 Aug 2023 06:41:46 GMT] Connected to database successfully 
[API.Driver][Fri, 04 Aug 2023 06:44:05 GMT] Setting up request middleware... 
[API.Driver][Fri, 04 Aug 2023 06:44:05 GMT] Server is starting... 
[API.Driver][Fri, 04 Aug 2023 06:44:05 GMT] Server is running on port 4200 
[API.Driver][Fri, 04 Aug 2023 06:44:06 GMT] Connected to database successfully 
[API.Driver][Fri, 04 Aug 2023 07:34:24 GMT] Setting up request middleware... 
[API.Driver][Fri, 04 Aug 2023 07:34:24 GMT] Server is starting... 
[API.Driver][Fri, 04 Aug 2023 07:34:24 GMT] Server is running on port 4200 
[API.Driver][Fri, 04 Aug 2023 07:34:25 GMT] Connected to database successfully 
[API.Driver][Fri, 04 Aug 2023 07:44:00 GMT] Setting up request middleware... 
[API.Driver][Fri, 04 Aug 2023 07:44:00 GMT] Server is starting... 
[API.Driver][Fri, 04 Aug 2023 07:44:00 GMT] Server is running on port 4200 
[API.Driver][Fri, 04 Aug 2023 07:44:01 GMT] Connected to database successfully 
[API.Driver][Fri, 04 Aug 2023 07:57:38 GMT] Setting up request middleware... 
[API.Driver][Fri, 04 Aug 2023 07:57:38 GMT] Server is starting... 
[API.Driver][Fri, 04 Aug 2023 07:57:38 GMT] Server is running on port 4200 
[API.Driver][Fri, 04 Aug 2023 07:57:39 GMT] Connected to database successfully 
[API.Driver][Fri, 04 Aug 2023 13:36:49 GMT] Setting up request middleware... 
[API.Driver][Fri, 04 Aug 2023 13:36:49 GMT] Server is starting... 
[API.Driver][Fri, 04 Aug 2023 13:36:49 GMT] Server is running on port 4200 
[API.Driver][Fri, 04 Aug 2023 13:36:50 GMT] Connected to database successfully 
[API.Driver][Sun, 06 Aug 2023 06:46:03 GMT] Setting up request middleware... 
[API.Driver][Sun, 06 Aug 2023 06:46:03 GMT] Server is starting... 
[API.Driver][Sun, 06 Aug 2023 06:46:03 GMT] Server is running on port 4200 
[API.Driver][Sun, 06 Aug 2023 06:46:03 GMT] Connected to database successfully 
[API.Driver][Sun, 06 Aug 2023 07:51:18 GMT] Setting up request middleware... 
[API.Driver][Sun, 06 Aug 2023 07:51:18 GMT] Server is starting... 
[API.Driver][Sun, 06 Aug 2023 07:51:18 GMT] Server is running on port 4200 
[API.Driver][Sun, 06 Aug 2023 07:51:19 GMT] Connected to database successfully 
[API.Driver][Sun, 06 Aug 2023 11:01:23 GMT] Setting up request middleware... 
[API.Driver][Sun, 06 Aug 2023 11:01:23 GMT] Server is starting... 
[API.Driver][Sun, 06 Aug 2023 11:01:23 GMT] Server is running on port 4200 
[API.Driver][Sun, 06 Aug 2023 11:01:24 GMT] Connected to database successfully 
[API.Driver][Mon, 07 Aug 2023 13:29:40 GMT] Setting up request middleware... 
[API.Driver][Mon, 07 Aug 2023 13:29:40 GMT] Server is starting... 
[API.Driver][Mon, 07 Aug 2023 13:29:40 GMT] Server is running on port 4200 
[API.Driver][Mon, 07 Aug 2023 13:29:41 GMT] Connected to database successfully 
[API.Driver][Tue, 08 Aug 2023 12:30:35 GMT] Setting up request middleware... 
[API.Driver][Tue, 08 Aug 2023 12:30:35 GMT] Server is starting... 
[API.Driver][Tue, 08 Aug 2023 12:30:35 GMT] Server is running on port 4200 
[API.Driver][Tue, 08 Aug 2023 12:30:36 GMT] Connected to database successfully 
[API.Driver][Tue, 08 Aug 2023 16:37:09 GMT] Setting up request middleware... 
[API.Driver][Tue, 08 Aug 2023 16:37:09 GMT] Server is starting... 
[API.Driver][Tue, 08 Aug 2023 16:37:09 GMT] Server is running on port 4200 
[API.Driver][Tue, 08 Aug 2023 16:37:10 GMT] Connected to database successfully 
[API.Driver][Tue, 08 Aug 2023 16:43:53 GMT] Setting up request middleware... 
[API.Driver][Tue, 08 Aug 2023 16:43:53 GMT] Server is starting... 
[API.Driver][Tue, 08 Aug 2023 16:43:53 GMT] Server is running on port 4200 
[API.Driver][Tue, 08 Aug 2023 16:43:54 GMT] Connected to database successfully 
[API.Driver][Thu, 10 Aug 2023 06:52:10 GMT] Setting up request middleware... 
[API.Driver][Thu, 10 Aug 2023 06:52:10 GMT] Server is starting... 
[API.Driver][Thu, 10 Aug 2023 06:52:10 GMT] Server is running on port 4200 
[API.Driver][Thu, 10 Aug 2023 06:52:11 GMT] Connected to database successfully 
[API.Driver][Sat, 12 Aug 2023 08:07:05 GMT] Setting up request middleware... 
[API.Driver][Sat, 12 Aug 2023 08:07:05 GMT] Server is starting... 
[API.Driver][Sat, 12 Aug 2023 08:07:05 GMT] Server is running on port 4200 
[API.Driver][Sat, 12 Aug 2023 08:07:06 GMT] Connected to database successfully 
[API.Driver][Sat, 12 Aug 2023 13:30:01 GMT] Setting up request middleware... 
[API.Driver][Sat, 12 Aug 2023 13:30:01 GMT] Server is starting... 
[API.Driver][Sat, 12 Aug 2023 13:30:01 GMT] Server is running on port 4200 
[API.Driver][Sat, 12 Aug 2023 13:30:02 GMT] Connected to database successfully 
[API.Driver][Wed, 09 Aug 2023 05:30:03 GMT] Setting up request middleware... 
[API.Driver][Wed, 09 Aug 2023 05:30:03 GMT] Server is starting... 
[API.Driver][Wed, 09 Aug 2023 05:30:03 GMT] Server is running on port 4200 
[API.Driver][Wed, 09 Aug 2023 05:30:03 GMT] Connected to database successfully 
[API.Driver][Wed, 09 Aug 2023 08:59:28 GMT] Setting up request middleware... 
[API.Driver][Wed, 09 Aug 2023 08:59:28 GMT] Server is running on port 4200 
[API.Driver][Wed, 09 Aug 2023 08:59:28 GMT] Server is starting... 
[API.Driver][Wed, 09 Aug 2023 08:59:28 GMT] Connected to database successfully 
[API.Driver][Wed, 09 Aug 2023 10:42:01 GMT] Setting up request middleware... 
[API.Driver][Wed, 09 Aug 2023 10:42:01 GMT] Server is starting... 
[API.Driver][Wed, 09 Aug 2023 10:42:01 GMT] Server is running on port 4200 
[API.Driver][Wed, 09 Aug 2023 10:42:02 GMT] Connected to database successfully 
[API.Driver][Fri, 11 Aug 2023 09:24:29 GMT] Setting up request middleware... 
[API.Driver][Fri, 11 Aug 2023 09:24:29 GMT] Server is starting... 
[API.Driver][Fri, 11 Aug 2023 09:24:29 GMT] Server is running on port 4200 
[API.Driver][Fri, 11 Aug 2023 09:24:29 GMT] Connected to database successfully 
[API.Driver][Fri, 11 Aug 2023 09:56:02 GMT] Setting up request middleware... 
[API.Driver][Fri, 11 Aug 2023 09:56:02 GMT] Server is starting... 
[API.Driver][Fri, 11 Aug 2023 09:56:02 GMT] Server is running on port 4200 
[API.Driver][Fri, 11 Aug 2023 09:56:03 GMT] Connected to database successfully 
[API.Driver][Fri, 11 Aug 2023 10:01:16 GMT] Setting up request middleware... 
[API.Driver][Fri, 11 Aug 2023 10:01:16 GMT] Server is starting... 
[API.Driver][Fri, 11 Aug 2023 10:01:16 GMT] Server is running on port 4200 
[API.Driver][Fri, 11 Aug 2023 10:01:17 GMT] Connected to database successfully 
[API.Driver][Fri, 11 Aug 2023 11:49:57 GMT] Setting up request middleware... 
[API.Driver][Fri, 11 Aug 2023 11:49:57 GMT] Server is starting... 
[API.Driver][Fri, 11 Aug 2023 11:49:57 GMT] Server is running on port 4200 
[API.Driver][Fri, 11 Aug 2023 11:49:58 GMT] Connected to database successfully 
[API.Driver][Sun, 13 Aug 2023 04:29:02 GMT] Setting up request middleware... 
[API.Driver][Sun, 13 Aug 2023 04:29:02 GMT] Server is starting... 
[API.Driver][Sun, 13 Aug 2023 04:29:02 GMT] Server is running on port 4200 
[API.Driver][Sun, 13 Aug 2023 04:29:03 GMT] Connected to database successfully 
[API.Driver][Tue, 15 Aug 2023 02:38:08 GMT] Setting up request middleware... 
[API.Driver][Tue, 15 Aug 2023 02:38:08 GMT] Server is starting... 
[API.Driver][Tue, 15 Aug 2023 02:38:08 GMT] Server is running on port 4200 
[API.Driver][Tue, 15 Aug 2023 02:38:08 GMT] Connected to database successfully 
[API.Driver][Tue, 15 Aug 2023 03:42:11 GMT] Setting up request middleware... 
[API.Driver][Tue, 15 Aug 2023 03:42:11 GMT] Server is starting... 
[API.Driver][Tue, 15 Aug 2023 03:42:11 GMT] Server is running on port 4200 
[API.Driver][Tue, 15 Aug 2023 03:42:12 GMT] Connected to database successfully 
[API.Driver][Tue, 15 Aug 2023 03:47:26 GMT] Setting up request middleware... 
[API.Driver][Tue, 15 Aug 2023 03:47:26 GMT] Server is starting... 
[API.Driver][Tue, 15 Aug 2023 03:47:26 GMT] Server is running on port 4200 
[API.Driver][Tue, 15 Aug 2023 03:47:27 GMT] Connected to database successfully 
