[API.Customer][Tue, 11 Jul 2023 17:56:49 GMT] Setting up request middleware... 
[API.Customer][Tue, 11 Jul 2023 17:56:49 GMT] Server is starting... 
[API.Customer][Tue, 11 Jul 2023 17:56:49 GMT] Server is running on port 4300 
[API.Customer][Tue, 11 Jul 2023 17:56:50 GMT] Connected to database successfully 
[API.Customer][Tue, 11 Jul 2023 18:05:13 GMT] Setting up request middleware... 
[API.Customer][Tue, 11 Jul 2023 18:05:13 GMT] Server is starting... 
[API.Customer][Tue, 11 Jul 2023 18:05:13 GMT] Server is running on port 4300 
[API.Customer][Tue, 11 Jul 2023 18:05:14 GMT] Connected to database successfully 
[API.Customer][Tue, 11 Jul 2023 18:07:13 GMT] Setting up request middleware... 
[API.Customer][Tue, 11 Jul 2023 18:07:13 GMT] Server is starting... 
[API.Customer][Tue, 11 Jul 2023 18:07:13 GMT] Server is running on port 4300 
[API.Customer][Tue, 11 Jul 2023 18:07:14 GMT] Connected to database successfully 
[API.Customer][Tue, 11 Jul 2023 18:08:53 GMT] Setting up request middleware... 
[API.Customer][Tue, 11 Jul 2023 18:08:53 GMT] Server is starting... 
[API.Customer][Tue, 11 Jul 2023 18:08:53 GMT] Server is running on port 4300 
[API.Customer][Tue, 11 Jul 2023 18:08:54 GMT] Connected to database successfully 
[API.Customer][Tue, 11 Jul 2023 18:11:36 GMT] Setting up request middleware... 
[API.Customer][Tue, 11 Jul 2023 18:11:36 GMT] Server is starting... 
[API.Customer][Tue, 11 Jul 2023 18:11:36 GMT] Server is running on port 4300 
[API.Customer][Tue, 11 Jul 2023 18:11:36 GMT] Connected to database successfully 
[API.Customer][Tue, 11 Jul 2023 18:12:13 GMT] Setting up request middleware... 
[API.Customer][Tue, 11 Jul 2023 18:12:13 GMT] Server is starting... 
[API.Customer][Tue, 11 Jul 2023 18:12:13 GMT] Server is running on port 4300 
[API.Customer][Tue, 11 Jul 2023 18:12:14 GMT] Connected to database successfully 
[API.Customer][Tue, 11 Jul 2023 18:12:16 GMT] Setting up request middleware... 
[API.Customer][Tue, 11 Jul 2023 18:12:16 GMT] Server is starting... 
[API.Customer][Tue, 11 Jul 2023 18:12:16 GMT] Server is running on port 4300 
[API.Customer][Tue, 11 Jul 2023 18:12:17 GMT] Connected to database successfully 
[API.Customer][Tue, 11 Jul 2023 18:15:08 GMT] Setting up request middleware... 
[API.Customer][Tue, 11 Jul 2023 18:15:08 GMT] Server is starting... 
[API.Customer][Tue, 11 Jul 2023 18:15:08 GMT] Server is running on port 4300 
[API.Customer][Tue, 11 Jul 2023 18:15:09 GMT] Connected to database successfully 
[API.Customer][Tue, 11 Jul 2023 18:22:48 GMT] Setting up request middleware... 
[API.Customer][Tue, 11 Jul 2023 18:22:48 GMT] Server is starting... 
[API.Customer][Tue, 11 Jul 2023 18:22:48 GMT] Server is running on port 4300 
[API.Customer][Tue, 11 Jul 2023 18:22:49 GMT] Connected to database successfully 
[API.Customer][Wed, 12 Jul 2023 11:49:20 GMT] Setting up request middleware... 
[API.Customer][Wed, 12 Jul 2023 11:49:20 GMT] Server is starting... 
[API.Customer][Wed, 12 Jul 2023 11:49:20 GMT] Server is running on port 4300 
[API.Customer][Wed, 12 Jul 2023 11:49:21 GMT] Connected to database successfully 
[API.Customer][Wed, 12 Jul 2023 11:57:55 GMT] Setting up request middleware... 
[API.Customer][Wed, 12 Jul 2023 11:57:55 GMT] Server is starting... 
[API.Customer][Wed, 12 Jul 2023 11:57:55 GMT] Server is running on port 4300 
[API.Customer][Wed, 12 Jul 2023 11:57:56 GMT] Connected to database successfully 
[API.Customer][Wed, 12 Jul 2023 12:03:03 GMT] Setting up request middleware... 
[API.Customer][Wed, 12 Jul 2023 12:03:03 GMT] Server is starting... 
[API.Customer][Wed, 12 Jul 2023 12:03:03 GMT] Server is running on port 4300 
[API.Customer][Wed, 12 Jul 2023 12:03:04 GMT] Connected to database successfully 
[API.Customer][Wed, 12 Jul 2023 12:07:03 GMT] Setting up request middleware... 
[API.Customer][Wed, 12 Jul 2023 12:07:03 GMT] Server is starting... 
[API.Customer][Wed, 12 Jul 2023 12:07:03 GMT] Server is running on port 4300 
[API.Customer][Wed, 12 Jul 2023 12:07:04 GMT] Connected to database successfully 
[API.Customer][Wed, 12 Jul 2023 14:57:47 GMT] Setting up request middleware... 
[API.Customer][Wed, 12 Jul 2023 14:57:47 GMT] Server is starting... 
[API.Customer][Wed, 12 Jul 2023 14:57:47 GMT] Server is running on port 4300 
[API.Customer][Wed, 12 Jul 2023 14:57:48 GMT] Connected to database successfully 
[API.Customer][Wed, 12 Jul 2023 14:58:48 GMT] Setting up request middleware... 
[API.Customer][Wed, 12 Jul 2023 14:58:48 GMT] Server is starting... 
[API.Customer][Wed, 12 Jul 2023 14:58:48 GMT] Server is running on port 4300 
[API.Customer][Wed, 12 Jul 2023 14:58:49 GMT] Connected to database successfully 
[API.Customer][Wed, 12 Jul 2023 15:12:53 GMT] Setting up request middleware... 
[API.Customer][Wed, 12 Jul 2023 15:12:53 GMT] Server is starting... 
[API.Customer][Wed, 12 Jul 2023 15:12:53 GMT] Server is running on port 4300 
[API.Customer][Wed, 12 Jul 2023 15:12:54 GMT] Connected to database successfully 
[API.Customer][Wed, 12 Jul 2023 15:16:00 GMT] Setting up request middleware... 
[API.Customer][Wed, 12 Jul 2023 15:16:00 GMT] Server is starting... 
[API.Customer][Wed, 12 Jul 2023 15:16:00 GMT] Server is running on port 4300 
[API.Customer][Wed, 12 Jul 2023 15:16:01 GMT] Connected to database successfully 
[API.Customer][Wed, 12 Jul 2023 15:29:06 GMT] Setting up request middleware... 
[API.Customer][Wed, 12 Jul 2023 15:29:07 GMT] Server is starting... 
[API.Customer][Wed, 12 Jul 2023 15:29:07 GMT] Server is running on port 4300 
[API.Customer][Wed, 12 Jul 2023 15:29:07 GMT] Connected to database successfully 
[API.Customer][Wed, 12 Jul 2023 16:02:05 GMT] Setting up request middleware... 
[API.Customer][Wed, 12 Jul 2023 16:02:05 GMT] Server is starting... 
[API.Customer][Wed, 12 Jul 2023 16:02:05 GMT] Server is running on port 4300 
[API.Customer][Wed, 12 Jul 2023 16:02:06 GMT] Connected to database successfully 
[API.Customer][Wed, 12 Jul 2023 16:58:27 GMT] Setting up request middleware... 
[API.Customer][Wed, 12 Jul 2023 16:58:27 GMT] Server is starting... 
[API.Customer][Wed, 12 Jul 2023 16:58:27 GMT] Server is running on port 4300 
[API.Customer][Wed, 12 Jul 2023 16:58:28 GMT] Connected to database successfully 
