[API.Driver][Tue, 11 Jul 2023 17:56:49 GMT] Setting up request middleware... 
[API.Driver][Tue, 11 Jul 2023 17:56:49 GMT] Server is starting... 
[API.Driver][Tue, 11 Jul 2023 17:56:49 GMT] Server is running on port 4200 
[API.Driver][Tue, 11 Jul 2023 17:56:50 GMT] Connected to database successfully 
[API.Driver][Tue, 11 Jul 2023 18:05:13 GMT] Setting up request middleware... 
[API.Driver][Tue, 11 Jul 2023 18:05:13 GMT] Server is starting... 
[API.Driver][Tue, 11 Jul 2023 18:05:13 GMT] Server is running on port 4200 
[API.Driver][Tue, 11 Jul 2023 18:05:14 GMT] Connected to database successfully 
[API.Driver][Tue, 11 Jul 2023 18:07:13 GMT] Setting up request middleware... 
[API.Driver][Tue, 11 Jul 2023 18:07:13 GMT] Server is starting... 
[API.Driver][Tue, 11 Jul 2023 18:07:13 GMT] Server is running on port 4200 
[API.Driver][Tue, 11 Jul 2023 18:07:14 GMT] Connected to database successfully 
[API.Driver][Tue, 11 Jul 2023 18:08:53 GMT] Setting up request middleware... 
[API.Driver][Tue, 11 Jul 2023 18:08:53 GMT] Server is starting... 
[API.Driver][Tue, 11 Jul 2023 18:08:53 GMT] Server is running on port 4200 
[API.Driver][Tue, 11 Jul 2023 18:08:54 GMT] Connected to database successfully 
[API.Driver][Tue, 11 Jul 2023 18:09:08 GMT] Setting up request middleware... 
[API.Driver][Tue, 11 Jul 2023 18:09:08 GMT] Server is starting... 
[API.Driver][Tue, 11 Jul 2023 18:09:08 GMT] Server is running on port 4200 
[API.Driver][Tue, 11 Jul 2023 18:09:08 GMT] Connected to database successfully 
[API.Driver][Tue, 11 Jul 2023 18:11:35 GMT] Setting up request middleware... 
[API.Driver][Tue, 11 Jul 2023 18:11:35 GMT] Server is starting... 
[API.Driver][Tue, 11 Jul 2023 18:11:35 GMT] Server is running on port 4200 
[API.Driver][Tue, 11 Jul 2023 18:11:36 GMT] Connected to database successfully 
[API.Driver][Tue, 11 Jul 2023 18:13:15 GMT] Setting up request middleware... 
[API.Driver][Tue, 11 Jul 2023 18:13:15 GMT] Server is starting... 
[API.Driver][Tue, 11 Jul 2023 18:13:15 GMT] Server is running on port 4200 
[API.Driver][Tue, 11 Jul 2023 18:13:16 GMT] Connected to database successfully 
[API.Driver][Tue, 11 Jul 2023 18:13:34 GMT] Setting up request middleware... 
[API.Driver][Tue, 11 Jul 2023 18:13:34 GMT] Server is starting... 
[API.Driver][Tue, 11 Jul 2023 18:13:34 GMT] Server is running on port 4200 
[API.Driver][Tue, 11 Jul 2023 18:13:34 GMT] Connected to database successfully 
[API.Driver][Tue, 11 Jul 2023 18:15:08 GMT] Setting up request middleware... 
[API.Driver][Tue, 11 Jul 2023 18:15:08 GMT] Server is starting... 
[API.Driver][Tue, 11 Jul 2023 18:15:08 GMT] Server is running on port 4200 
[API.Driver][Tue, 11 Jul 2023 18:15:09 GMT] Connected to database successfully 
[API.Driver][Tue, 11 Jul 2023 18:22:48 GMT] Setting up request middleware... 
[API.Driver][Tue, 11 Jul 2023 18:22:48 GMT] Server is starting... 
[API.Driver][Tue, 11 Jul 2023 18:22:48 GMT] Server is running on port 4200 
[API.Driver][Tue, 11 Jul 2023 18:22:49 GMT] Connected to database successfully 
[API.Driver][Wed, 12 Jul 2023 11:49:20 GMT] Setting up request middleware... 
[API.Driver][Wed, 12 Jul 2023 11:49:20 GMT] Server is starting... 
[API.Driver][Wed, 12 Jul 2023 11:49:20 GMT] Server is running on port 4200 
[API.Driver][Wed, 12 Jul 2023 11:49:21 GMT] Connected to database successfully 
[API.Driver][Wed, 12 Jul 2023 11:57:55 GMT] Setting up request middleware... 
[API.Driver][Wed, 12 Jul 2023 11:57:55 GMT] Server is starting... 
[API.Driver][Wed, 12 Jul 2023 11:57:55 GMT] Server is running on port 4200 
[API.Driver][Wed, 12 Jul 2023 11:57:56 GMT] Connected to database successfully 
[API.Driver][Wed, 12 Jul 2023 12:03:03 GMT] Setting up request middleware... 
[API.Driver][Wed, 12 Jul 2023 12:03:03 GMT] Server is starting... 
[API.Driver][Wed, 12 Jul 2023 12:03:03 GMT] Server is running on port 4200 
[API.Driver][Wed, 12 Jul 2023 12:03:04 GMT] Connected to database successfully 
[API.Driver][Wed, 12 Jul 2023 12:07:03 GMT] Setting up request middleware... 
[API.Driver][Wed, 12 Jul 2023 12:07:03 GMT] Server is starting... 
[API.Driver][Wed, 12 Jul 2023 12:07:03 GMT] Server is running on port 4200 
[API.Driver][Wed, 12 Jul 2023 12:07:04 GMT] Connected to database successfully 
[API.Driver][Wed, 12 Jul 2023 14:57:47 GMT] Setting up request middleware... 
[API.Driver][Wed, 12 Jul 2023 14:57:47 GMT] Server is starting... 
[API.Driver][Wed, 12 Jul 2023 14:57:47 GMT] Server is running on port 4200 
[API.Driver][Wed, 12 Jul 2023 14:57:48 GMT] Connected to database successfully 
[API.Driver][Wed, 12 Jul 2023 14:58:48 GMT] Setting up request middleware... 
[API.Driver][Wed, 12 Jul 2023 14:58:48 GMT] Server is starting... 
[API.Driver][Wed, 12 Jul 2023 14:58:48 GMT] Server is running on port 4200 
[API.Driver][Wed, 12 Jul 2023 14:58:49 GMT] Connected to database successfully 
[API.Driver][Wed, 12 Jul 2023 15:12:52 GMT] Setting up request middleware... 
[API.Driver][Wed, 12 Jul 2023 15:12:52 GMT] Server is starting... 
[API.Driver][Wed, 12 Jul 2023 15:12:52 GMT] Server is running on port 4200 
[API.Driver][Wed, 12 Jul 2023 15:12:53 GMT] Connected to database successfully 
[API.Driver][Wed, 12 Jul 2023 15:15:59 GMT] Setting up request middleware... 
[API.Driver][Wed, 12 Jul 2023 15:15:59 GMT] Server is starting... 
[API.Driver][Wed, 12 Jul 2023 15:15:59 GMT] Server is running on port 4200 
[API.Driver][Wed, 12 Jul 2023 15:16:00 GMT] Connected to database successfully 
[Call Center][Wed, 12 Jul 2023 15:22:48 GMT] Setting up request middleware... 
[Call Center][Wed, 12 Jul 2023 15:22:48 GMT] Server is starting... 
[Call Center][Wed, 12 Jul 2023 15:22:48 GMT] Server is running on port 4500 
[Call Center][Wed, 12 Jul 2023 15:22:49 GMT] Connected to database successfully 
[Call Center][Wed, 12 Jul 2023 15:29:07 GMT] Setting up request middleware... 
[Call Center][Wed, 12 Jul 2023 15:29:07 GMT] Server is starting... 
[Call Center][Wed, 12 Jul 2023 15:29:07 GMT] Server is running on port 4500 
[Call Center][Wed, 12 Jul 2023 15:29:07 GMT] Connected to database successfully 
[Call Center][Wed, 12 Jul 2023 16:02:03 GMT] Setting up request middleware... 
[Call Center][Wed, 12 Jul 2023 16:02:04 GMT] Server is starting... 
[Call Center][Wed, 12 Jul 2023 16:02:04 GMT] Server is running on port 4500 
[Call Center][Wed, 12 Jul 2023 16:02:05 GMT] Connected to database successfully 
[Call Center][Wed, 12 Jul 2023 16:58:27 GMT] Setting up request middleware... 
[Call Center][Wed, 12 Jul 2023 16:58:27 GMT] Server is starting... 
[Call Center][Wed, 12 Jul 2023 16:58:27 GMT] Server is running on port 4500 
[Call Center][Wed, 12 Jul 2023 16:58:28 GMT] Connected to database successfully 
[API.Call Center][Thu, 20 Jul 2023 08:02:22 GMT] Setting up request middleware... 
[API.Call Center][Thu, 20 Jul 2023 08:02:22 GMT] Server is starting... 
[API.Call Center][Thu, 20 Jul 2023 08:02:22 GMT] Server is running on port 4500 
[API.Call Center][Thu, 20 Jul 2023 08:02:23 GMT] Connected to database successfully 
[API.Call Center][Thu, 20 Jul 2023 08:11:08 GMT] Setting up request middleware... 
[API.Call Center][Thu, 20 Jul 2023 08:11:09 GMT] Server is starting... 
[API.Call Center][Thu, 20 Jul 2023 08:11:09 GMT] Server is running on port 4500 
[API.Call Center][Thu, 20 Jul 2023 08:11:10 GMT] Connected to database successfully 
[API.Call Center][Fri, 21 Jul 2023 12:02:59 GMT] Setting up request middleware... 
[API.Call Center][Fri, 21 Jul 2023 12:02:59 GMT] Server is starting... 
[API.Call Center][Fri, 21 Jul 2023 12:02:59 GMT] Server is running on port 4500 
[API.Call Center][Fri, 21 Jul 2023 12:03:00 GMT] Connected to database successfully 
[API.Call Center][Thu, 27 Jul 2023 12:09:09 GMT] Setting up request middleware... 
[API.Call Center][Thu, 27 Jul 2023 12:09:09 GMT] Server is starting... 
[API.Call Center][Thu, 27 Jul 2023 12:09:09 GMT] Server is running on port 4500 
[API.Call Center][Thu, 27 Jul 2023 12:09:11 GMT] Connected to database successfully 
[API.Call Center][Thu, 27 Jul 2023 14:20:11 GMT] Setting up request middleware... 
[API.Call Center][Thu, 27 Jul 2023 14:20:11 GMT] Server is starting... 
[API.Call Center][Thu, 27 Jul 2023 14:20:11 GMT] Server is running on port 4500 
[API.Call Center][Thu, 27 Jul 2023 14:20:12 GMT] Connected to database successfully 
[API.Call Center][Fri, 28 Jul 2023 12:06:19 GMT] Setting up request middleware... 
[API.Call Center][Fri, 28 Jul 2023 12:06:19 GMT] Server is starting... 
[API.Call Center][Fri, 28 Jul 2023 12:06:19 GMT] Server is running on port 4500 
[API.Call Center][Fri, 28 Jul 2023 12:06:20 GMT] Connected to database successfully 
[API.Call Center][Fri, 28 Jul 2023 14:24:58 GMT] Setting up request middleware... 
[API.Call Center][Fri, 28 Jul 2023 14:24:58 GMT] Server is starting... 
[API.Call Center][Fri, 28 Jul 2023 14:24:58 GMT] Server is running on port 4500 
[API.Call Center][Fri, 28 Jul 2023 14:24:59 GMT] Connected to database successfully 
[API.Call Center][Sat, 29 Jul 2023 01:31:16 GMT] Setting up request middleware... 
[API.Call Center][Sat, 29 Jul 2023 01:31:16 GMT] Server is starting... 
[API.Call Center][Sat, 29 Jul 2023 01:31:16 GMT] Server is running on port 4500 
[API.Call Center][Sat, 29 Jul 2023 01:31:17 GMT] Connected to database successfully 
[API.Call Center][Sat, 29 Jul 2023 13:09:48 GMT] Setting up request middleware... 
[API.Call Center][Sat, 29 Jul 2023 13:09:48 GMT] Server is starting... 
[API.Call Center][Sat, 29 Jul 2023 13:09:48 GMT] Server is running on port 4500 
[API.Call Center][Sat, 29 Jul 2023 13:09:50 GMT] Connected to database successfully 
[API.Call Center][Sun, 30 Jul 2023 11:40:01 GMT] Setting up request middleware... 
[API.Call Center][Sun, 30 Jul 2023 11:40:01 GMT] Server is starting... 
[API.Call Center][Sun, 30 Jul 2023 11:40:01 GMT] Server is running on port 4500 
[API.Call Center][Sun, 30 Jul 2023 11:40:02 GMT] Connected to database successfully 
[API.Call Center][Sun, 30 Jul 2023 15:38:23 GMT] Setting up request middleware... 
[API.Call Center][Sun, 30 Jul 2023 15:38:23 GMT] Server is starting... 
[API.Call Center][Sun, 30 Jul 2023 15:38:23 GMT] Server is running on port 4500 
[API.Call Center][Sun, 30 Jul 2023 15:38:24 GMT] Connected to database successfully 
[API.Call Center][Tue, 25 Jul 2023 06:37:38 GMT] Setting up request middleware... 
[API.Call Center][Tue, 25 Jul 2023 06:37:38 GMT] Server is starting... 
[API.Call Center][Tue, 25 Jul 2023 06:37:38 GMT] Server is running on port 4500 
[API.Call Center][Tue, 25 Jul 2023 06:37:39 GMT] Connected to database successfully 
[API.Call Center][Tue, 25 Jul 2023 13:59:41 GMT] Setting up request middleware... 
[API.Call Center][Tue, 25 Jul 2023 13:59:41 GMT] Server is starting... 
[API.Call Center][Tue, 25 Jul 2023 13:59:41 GMT] Server is running on port 4500 
[API.Call Center][Tue, 25 Jul 2023 13:59:41 GMT] Connected to database successfully 
[API.Call Center][Tue, 25 Jul 2023 07:10:39 GMT] Server is starting... 
[API.Call Center][Tue, 25 Jul 2023 07:10:39 GMT] Setting up request middleware... 
[API.Call Center][Tue, 25 Jul 2023 07:10:39 GMT] Server is running on port 4500 
[API.Call Center][Tue, 25 Jul 2023 07:10:40 GMT] Connected to database successfully 
[API.Call Center][Wed, 26 Jul 2023 07:17:43 GMT] Setting up request middleware... 
[API.Call Center][Wed, 26 Jul 2023 07:17:43 GMT] Server is starting... 
[API.Call Center][Wed, 26 Jul 2023 07:17:43 GMT] Server is running on port 4500 
[API.Call Center][Wed, 26 Jul 2023 07:17:44 GMT] Connected to database successfully 
[API.Call Center][Wed, 26 Jul 2023 07:24:55 GMT] Setting up request middleware... 
[API.Call Center][Wed, 26 Jul 2023 07:24:55 GMT] Server is running on port 4500 
[API.Call Center][Wed, 26 Jul 2023 07:24:55 GMT] Server is starting... 
[API.Call Center][Wed, 26 Jul 2023 07:24:56 GMT] Connected to database successfully 
[API.Call Center][Fri, 28 Jul 2023 10:56:39 GMT] Setting up request middleware... 
[API.Call Center][Fri, 28 Jul 2023 10:56:39 GMT] Server is starting... 
[API.Call Center][Fri, 28 Jul 2023 10:56:39 GMT] Server is running on port 4500 
[API.Call Center][Fri, 28 Jul 2023 10:56:40 GMT] Connected to database successfully 
[API.Call Center][Fri, 28 Jul 2023 12:44:41 GMT] Setting up request middleware... 
[API.Call Center][Fri, 28 Jul 2023 12:44:41 GMT] Server is starting... 
[API.Call Center][Fri, 28 Jul 2023 12:44:41 GMT] Server is running on port 4500 
[API.Call Center][Fri, 28 Jul 2023 12:44:42 GMT] Connected to database successfully 
[API.Call Center][Thu, 27 Jul 2023 05:27:10 GMT] Setting up request middleware... 
[API.Call Center][Thu, 27 Jul 2023 05:27:10 GMT] Server is running on port 4500 
[API.Call Center][Thu, 27 Jul 2023 05:27:10 GMT] Server is starting... 
[API.Call Center][Thu, 27 Jul 2023 05:27:10 GMT] Connected to database successfully 
[API.Call Center][Thu, 27 Jul 2023 05:31:57 GMT] Setting up request middleware... 
[API.Call Center][Thu, 27 Jul 2023 05:31:57 GMT] Server is starting... 
[API.Call Center][Thu, 27 Jul 2023 05:31:57 GMT] Server is running on port 4500 
[API.Call Center][Thu, 27 Jul 2023 05:31:58 GMT] Connected to database successfully 
[API.Call Center][Sat, 29 Jul 2023 04:51:09 GMT] Setting up request middleware... 
[API.Call Center][Sat, 29 Jul 2023 04:51:09 GMT] Server is starting... 
[API.Call Center][Sat, 29 Jul 2023 04:51:09 GMT] Server is running on port 4500 
[API.Call Center][Sat, 29 Jul 2023 04:51:10 GMT] Connected to database successfully 
[API.Call Center][Sat, 29 Jul 2023 06:52:26 GMT] Setting up request middleware... 
[API.Call Center][Sat, 29 Jul 2023 06:52:26 GMT] Server is starting... 
[API.Call Center][Sat, 29 Jul 2023 06:52:26 GMT] Server is running on port 4500 
[API.Call Center][Sat, 29 Jul 2023 06:52:27 GMT] Connected to database successfully 
[API.Call Center][Sun, 30 Jul 2023 14:04:15 GMT] Setting up request middleware... 
[API.Call Center][Sun, 30 Jul 2023 14:04:15 GMT] Server is starting... 
[API.Call Center][Sun, 30 Jul 2023 14:04:15 GMT] Server is running on port 4500 
[API.Call Center][Sun, 30 Jul 2023 14:04:15 GMT] Connected to database successfully 
[API.Call Center][Sun, 30 Jul 2023 14:11:34 GMT] Setting up request middleware... 
[API.Call Center][Sun, 30 Jul 2023 14:11:34 GMT] Server is starting... 
[API.Call Center][Sun, 30 Jul 2023 14:11:34 GMT] Server is running on port 4500 
[API.Call Center][Sun, 30 Jul 2023 14:11:35 GMT] Connected to database successfully 
[API.Call Center][Sun, 30 Jul 2023 14:20:43 GMT] Setting up request middleware... 
[API.Call Center][Sun, 30 Jul 2023 14:20:43 GMT] Server is starting... 
[API.Call Center][Sun, 30 Jul 2023 14:20:43 GMT] Server is running on port 4500 
[API.Call Center][Sun, 30 Jul 2023 14:20:44 GMT] Connected to database successfully 
[API.Call Center][Sun, 30 Jul 2023 14:25:05 GMT] Setting up request middleware... 
[API.Call Center][Sun, 30 Jul 2023 14:25:05 GMT] Server is starting... 
[API.Call Center][Sun, 30 Jul 2023 14:25:05 GMT] Server is running on port 4500 
[API.Call Center][Sun, 30 Jul 2023 14:25:05 GMT] Connected to database successfully 
[API.Call Center][Sun, 30 Jul 2023 17:22:27 GMT] Setting up request middleware... 
[API.Call Center][Sun, 30 Jul 2023 17:22:27 GMT] Server is starting... 
[API.Call Center][Sun, 30 Jul 2023 17:22:27 GMT] Server is running on port 4500 
[API.Call Center][Sun, 30 Jul 2023 17:22:28 GMT] Connected to database successfully 
[API.Call Center][Fri, 28 Jul 2023 08:06:28 GMT] Setting up request middleware... 
[API.Call Center][Fri, 28 Jul 2023 08:06:29 GMT] Server is starting... 
[API.Call Center][Fri, 28 Jul 2023 08:06:29 GMT] Server is running on port 4500 
[API.Call Center][Fri, 28 Jul 2023 08:06:29 GMT] Connected to database successfully 
[API.Call Center][Fri, 28 Jul 2023 12:55:10 GMT] Setting up request middleware... 
[API.Call Center][Fri, 28 Jul 2023 12:55:10 GMT] Server is starting... 
[API.Call Center][Fri, 28 Jul 2023 12:55:10 GMT] Server is running on port 4500 
[API.Call Center][Fri, 28 Jul 2023 12:55:11 GMT] Connected to database successfully 
[API.Call Center][Sun, 30 Jul 2023 15:27:16 GMT] Setting up request middleware... 
[API.Call Center][Sun, 30 Jul 2023 15:27:16 GMT] Server is starting... 
[API.Call Center][Sun, 30 Jul 2023 15:27:16 GMT] Server is running on port 4500 
[API.Call Center][Sun, 30 Jul 2023 15:27:17 GMT] Connected to database successfully 
[API.Call Center][Sun, 30 Jul 2023 15:39:43 GMT] Setting up request middleware... 
[API.Call Center][Sun, 30 Jul 2023 15:39:43 GMT] Server is starting... 
[API.Call Center][Sun, 30 Jul 2023 15:39:43 GMT] Server is running on port 4500 
[API.Call Center][Sun, 30 Jul 2023 15:39:44 GMT] Connected to database successfully 
[API.Call Center][Tue, 01 Aug 2023 06:14:16 GMT] Setting up request middleware... 
[API.Call Center][Tue, 01 Aug 2023 06:14:16 GMT] Server is starting... 
[API.Call Center][Tue, 01 Aug 2023 06:14:16 GMT] Server is running on port 4500 
[API.Call Center][Tue, 01 Aug 2023 06:14:20 GMT] Could not connect to the database Error: querySrv ESERVFAIL _mongodb._tcp.kabgo.0gvxjhk.mongodb.net 
[API.Call Center][Tue, 01 Aug 2023 11:32:02 GMT] Setting up request middleware... 
[API.Call Center][Tue, 01 Aug 2023 11:32:02 GMT] Server is starting... 
[API.Call Center][Tue, 01 Aug 2023 11:32:02 GMT] Server is running on port 4500 
[API.Call Center][Tue, 01 Aug 2023 11:32:03 GMT] Connected to database successfully 
[API.Call Center][Tue, 01 Aug 2023 14:06:49 GMT] Setting up request middleware... 
[API.Call Center][Tue, 01 Aug 2023 14:06:49 GMT] Server is starting... 
[API.Call Center][Tue, 01 Aug 2023 14:06:49 GMT] Server is running on port 4500 
[API.Call Center][Tue, 01 Aug 2023 14:06:50 GMT] Connected to database successfully 
[API.Call Center][Tue, 01 Aug 2023 16:59:28 GMT] Setting up request middleware... 
[API.Call Center][Tue, 01 Aug 2023 16:59:28 GMT] Server is starting... 
[API.Call Center][Tue, 01 Aug 2023 16:59:28 GMT] Server is running on port 4500 
[API.Call Center][Tue, 01 Aug 2023 16:59:29 GMT] Connected to database successfully 
[API.Call Center][Tue, 01 Aug 2023 17:04:43 GMT] Setting up request middleware... 
[API.Call Center][Tue, 01 Aug 2023 17:04:43 GMT] Server is running on port 4500 
[API.Call Center][Tue, 01 Aug 2023 17:04:43 GMT] Server is starting... 
[API.Call Center][Tue, 01 Aug 2023 17:04:44 GMT] Connected to database successfully 
[API.Call Center][Thu, 03 Aug 2023 07:47:21 GMT] Setting up request middleware... 
[API.Call Center][Thu, 03 Aug 2023 07:47:21 GMT] Server is starting... 
[API.Call Center][Thu, 03 Aug 2023 07:47:21 GMT] Server is running on port 4500 
[API.Call Center][Thu, 03 Aug 2023 07:47:22 GMT] Connected to database successfully 
[API.Call Center][Sun, 30 Jul 2023 21:04:00 GMT] Setting up request middleware... 
[API.Call Center][Sun, 30 Jul 2023 21:04:00 GMT] Server is running on port 4500 
[API.Call Center][Sun, 30 Jul 2023 21:04:00 GMT] Server is starting... 
[API.Call Center][Sun, 30 Jul 2023 21:04:00 GMT] Connected to database successfully 
[API.Call Center][Mon, 31 Jul 2023 05:35:52 GMT] Setting up request middleware... 
[API.Call Center][Mon, 31 Jul 2023 05:35:52 GMT] Server is starting... 
[API.Call Center][Mon, 31 Jul 2023 05:35:52 GMT] Server is running on port 4500 
[API.Call Center][Mon, 31 Jul 2023 05:35:53 GMT] Connected to database successfully 
[API.Call Center][Mon, 31 Jul 2023 06:53:28 GMT] Setting up request middleware... 
[API.Call Center][Mon, 31 Jul 2023 06:53:28 GMT] Server is running on port 4500 
[API.Call Center][Mon, 31 Jul 2023 06:53:28 GMT] Server is starting... 
[API.Call Center][Mon, 31 Jul 2023 06:53:29 GMT] Connected to database successfully 
[API.Call Center][Mon, 31 Jul 2023 10:34:10 GMT] Setting up request middleware... 
[API.Call Center][Mon, 31 Jul 2023 10:34:10 GMT] Server is starting... 
[API.Call Center][Mon, 31 Jul 2023 10:34:10 GMT] Server is running on port 4500 
[API.Call Center][Mon, 31 Jul 2023 10:34:11 GMT] Connected to database successfully 
[API.Call Center][Mon, 31 Jul 2023 12:01:49 GMT] Server is starting... 
[API.Call Center][Mon, 31 Jul 2023 12:01:49 GMT] Setting up request middleware... 
[API.Call Center][Mon, 31 Jul 2023 12:01:49 GMT] Server is running on port 4500 
[API.Call Center][Mon, 31 Jul 2023 12:01:50 GMT] Connected to database successfully 
[API.Call Center][Mon, 31 Jul 2023 17:34:59 GMT] Setting up request middleware... 
[API.Call Center][Mon, 31 Jul 2023 17:34:59 GMT] Server is starting... 
[API.Call Center][Mon, 31 Jul 2023 17:34:59 GMT] Server is running on port 4500 
[API.Call Center][Mon, 31 Jul 2023 17:35:00 GMT] Connected to database successfully 
[API.Call Center][Tue, 01 Aug 2023 10:26:30 GMT] Setting up request middleware... 
[API.Call Center][Tue, 01 Aug 2023 10:26:30 GMT] Server is starting... 
[API.Call Center][Tue, 01 Aug 2023 10:26:30 GMT] Server is running on port 4500 
[API.Call Center][Tue, 01 Aug 2023 10:26:31 GMT] Connected to database successfully 
[API.Call Center][Tue, 01 Aug 2023 12:38:09 GMT] Setting up request middleware... 
[API.Call Center][Tue, 01 Aug 2023 12:38:09 GMT] Server is starting... 
[API.Call Center][Tue, 01 Aug 2023 12:38:09 GMT] Server is running on port 4500 
[API.Call Center][Tue, 01 Aug 2023 12:38:09 GMT] Could not connect to the database Error: querySrv ENOTFOUND _mongodb._tcp.kabgo.0gvxjhk.mongodb.net 
[API.Call Center][Tue, 01 Aug 2023 16:28:15 GMT] Setting up request middleware... 
[API.Call Center][Tue, 01 Aug 2023 16:28:15 GMT] Server is starting... 
[API.Call Center][Tue, 01 Aug 2023 16:28:15 GMT] Server is running on port 4500 
[API.Call Center][Tue, 01 Aug 2023 16:28:16 GMT] Connected to database successfully 
[API.Call Center][Wed, 02 Aug 2023 08:22:11 GMT] Setting up request middleware... 
[API.Call Center][Wed, 02 Aug 2023 08:22:11 GMT] Server is starting... 
[API.Call Center][Wed, 02 Aug 2023 08:22:11 GMT] Server is running on port 4500 
[API.Call Center][Wed, 02 Aug 2023 08:22:12 GMT] Connected to database successfully 
[API.Call Center][Wed, 02 Aug 2023 16:14:56 GMT] Setting up request middleware... 
[API.Call Center][Wed, 02 Aug 2023 16:14:56 GMT] Server is starting... 
[API.Call Center][Wed, 02 Aug 2023 16:14:56 GMT] Server is running on port 4500 
[API.Call Center][Wed, 02 Aug 2023 16:14:56 GMT] Connected to database successfully 
[API.Call Center][Thu, 03 Aug 2023 16:52:20 GMT] Setting up request middleware... 
[API.Call Center][Thu, 03 Aug 2023 16:52:20 GMT] Server is starting... 
[API.Call Center][Thu, 03 Aug 2023 16:52:20 GMT] Server is running on port 4500 
[API.Call Center][Thu, 03 Aug 2023 16:52:20 GMT] Connected to database successfully 
[API.Call Center][Thu, 03 Aug 2023 09:18:02 GMT] Setting up request middleware... 
[API.Call Center][Thu, 03 Aug 2023 09:18:02 GMT] Server is starting... 
[API.Call Center][Thu, 03 Aug 2023 09:18:02 GMT] Server is running on port 4500 
[API.Call Center][Thu, 03 Aug 2023 09:18:07 GMT] Connected to database successfully 
[API.Call Center][Thu, 03 Aug 2023 09:20:01 GMT] Setting up request middleware... 
[API.Call Center][Thu, 03 Aug 2023 09:20:01 GMT] Server is starting... 
[API.Call Center][Thu, 03 Aug 2023 09:20:01 GMT] Server is running on port 4500 
[API.Call Center][Thu, 03 Aug 2023 09:20:10 GMT] Connected to database successfully 
[API.Call Center][Thu, 03 Aug 2023 18:28:14 GMT] Setting up request middleware... 
[API.Call Center][Thu, 03 Aug 2023 18:28:14 GMT] Server is starting... 
[API.Call Center][Thu, 03 Aug 2023 18:28:14 GMT] Server is running on port 4500 
[API.Call Center][Thu, 03 Aug 2023 18:28:15 GMT] Connected to database successfully 
[API.Call Center][Thu, 03 Aug 2023 19:07:58 GMT] Setting up request middleware... 
[API.Call Center][Thu, 03 Aug 2023 19:07:58 GMT] Server is starting... 
[API.Call Center][Thu, 03 Aug 2023 19:07:58 GMT] Server is running on port 4500 
[API.Call Center][Thu, 03 Aug 2023 19:07:59 GMT] Connected to database successfully 
[API.Call Center][Thu, 03 Aug 2023 11:37:06 GMT] Setting up request middleware... 
[API.Call Center][Thu, 03 Aug 2023 11:37:06 GMT] Server is starting... 
[API.Call Center][Thu, 03 Aug 2023 11:37:06 GMT] Server is running on port 4500 
[API.Call Center][Thu, 03 Aug 2023 11:37:07 GMT] Connected to database successfully 
[API.Call Center][Thu, 03 Aug 2023 15:51:56 GMT] Setting up request middleware... 
[API.Call Center][Thu, 03 Aug 2023 15:51:56 GMT] Server is starting... 
[API.Call Center][Thu, 03 Aug 2023 15:51:56 GMT] Server is running on port 4500 
[API.Call Center][Thu, 03 Aug 2023 15:51:57 GMT] Connected to database successfully 
[API.Call Center][Fri, 04 Aug 2023 04:08:13 GMT] Setting up request middleware... 
[API.Call Center][Fri, 04 Aug 2023 04:08:13 GMT] Server is starting... 
[API.Call Center][Fri, 04 Aug 2023 04:08:13 GMT] Server is running on port 4500 
[API.Call Center][Fri, 04 Aug 2023 04:08:14 GMT] Connected to database successfully 
[API.Call Center][Fri, 04 Aug 2023 09:18:35 GMT] Setting up request middleware... 
[API.Call Center][Fri, 04 Aug 2023 09:18:35 GMT] Server is starting... 
[API.Call Center][Fri, 04 Aug 2023 09:18:35 GMT] Server is running on port 4500 
[API.Call Center][Fri, 04 Aug 2023 09:18:36 GMT] Connected to database successfully 
[API.Call Center][Fri, 04 Aug 2023 06:27:10 GMT] Setting up request middleware... 
[API.Call Center][Fri, 04 Aug 2023 06:27:10 GMT] Server is starting... 
[API.Call Center][Fri, 04 Aug 2023 06:27:10 GMT] Server is running on port 4500 
[API.Call Center][Fri, 04 Aug 2023 06:27:11 GMT] Connected to database successfully 
[API.Call Center][Fri, 04 Aug 2023 06:34:04 GMT] Setting up request middleware... 
[API.Call Center][Fri, 04 Aug 2023 06:34:05 GMT] Server is starting... 
[API.Call Center][Fri, 04 Aug 2023 06:34:05 GMT] Server is running on port 4500 
[API.Call Center][Fri, 04 Aug 2023 06:34:10 GMT] Connected to database successfully 
[API.Call Center][Fri, 04 Aug 2023 06:38:54 GMT] Setting up request middleware... 
[API.Call Center][Fri, 04 Aug 2023 06:38:54 GMT] Server is starting... 
[API.Call Center][Fri, 04 Aug 2023 06:38:54 GMT] Server is running on port 4500 
[API.Call Center][Fri, 04 Aug 2023 06:38:55 GMT] Connected to database successfully 
[API.Call Center][Fri, 04 Aug 2023 06:41:46 GMT] Setting up request middleware... 
[API.Call Center][Fri, 04 Aug 2023 06:41:46 GMT] Server is starting... 
[API.Call Center][Fri, 04 Aug 2023 06:41:46 GMT] Server is running on port 4500 
[API.Call Center][Fri, 04 Aug 2023 06:41:46 GMT] Connected to database successfully 
[API.Call Center][Fri, 04 Aug 2023 06:44:05 GMT] Setting up request middleware... 
[API.Call Center][Fri, 04 Aug 2023 06:44:05 GMT] Server is starting... 
[API.Call Center][Fri, 04 Aug 2023 06:44:05 GMT] Server is running on port 4500 
[API.Call Center][Fri, 04 Aug 2023 06:44:05 GMT] Connected to database successfully 
[API.Call Center][Fri, 04 Aug 2023 07:34:24 GMT] Setting up request middleware... 
[API.Call Center][Fri, 04 Aug 2023 07:34:24 GMT] Server is starting... 
[API.Call Center][Fri, 04 Aug 2023 07:34:24 GMT] Server is running on port 4500 
[API.Call Center][Fri, 04 Aug 2023 07:34:25 GMT] Connected to database successfully 
[API.Call Center][Fri, 04 Aug 2023 07:44:00 GMT] Setting up request middleware... 
[API.Call Center][Fri, 04 Aug 2023 07:44:00 GMT] Server is starting... 
[API.Call Center][Fri, 04 Aug 2023 07:44:00 GMT] Server is running on port 4500 
[API.Call Center][Fri, 04 Aug 2023 07:44:01 GMT] Connected to database successfully 
[API.Call Center][Fri, 04 Aug 2023 13:36:49 GMT] Setting up request middleware... 
[API.Call Center][Fri, 04 Aug 2023 13:36:49 GMT] Server is starting... 
[API.Call Center][Fri, 04 Aug 2023 13:36:49 GMT] Server is running on port 4500 
[API.Call Center][Fri, 04 Aug 2023 13:36:50 GMT] Connected to database successfully 
[API.Call Center][Sun, 06 Aug 2023 06:46:02 GMT] Setting up request middleware... 
[API.Call Center][Sun, 06 Aug 2023 06:46:02 GMT] Server is starting... 
[API.Call Center][Sun, 06 Aug 2023 06:46:02 GMT] Server is running on port 4500 
[API.Call Center][Sun, 06 Aug 2023 06:46:03 GMT] Connected to database successfully 
[API.Call Center][Sun, 06 Aug 2023 11:01:23 GMT] Setting up request middleware... 
[API.Call Center][Sun, 06 Aug 2023 11:01:23 GMT] Server is starting... 
[API.Call Center][Sun, 06 Aug 2023 11:01:23 GMT] Server is running on port 4500 
[API.Call Center][Sun, 06 Aug 2023 11:01:24 GMT] Connected to database successfully 
[API.Call Center][Mon, 07 Aug 2023 13:29:40 GMT] Setting up request middleware... 
[API.Call Center][Mon, 07 Aug 2023 13:29:40 GMT] Server is starting... 
[API.Call Center][Mon, 07 Aug 2023 13:29:40 GMT] Server is running on port 4500 
[API.Call Center][Mon, 07 Aug 2023 13:29:41 GMT] Connected to database successfully 
[API.Call Center][Tue, 08 Aug 2023 12:30:35 GMT] Setting up request middleware... 
[API.Call Center][Tue, 08 Aug 2023 12:30:35 GMT] Server is starting... 
[API.Call Center][Tue, 08 Aug 2023 12:30:35 GMT] Server is running on port 4500 
[API.Call Center][Tue, 08 Aug 2023 12:30:36 GMT] Connected to database successfully 
[API.Call Center][Tue, 08 Aug 2023 16:37:09 GMT] Setting up request middleware... 
[API.Call Center][Tue, 08 Aug 2023 16:37:09 GMT] Server is starting... 
[API.Call Center][Tue, 08 Aug 2023 16:37:09 GMT] Server is running on port 4500 
[API.Call Center][Tue, 08 Aug 2023 16:37:10 GMT] Connected to database successfully 
[API.Call Center][Tue, 08 Aug 2023 16:43:52 GMT] Setting up request middleware... 
[API.Call Center][Tue, 08 Aug 2023 16:43:52 GMT] Server is starting... 
[API.Call Center][Tue, 08 Aug 2023 16:43:52 GMT] Server is running on port 4500 
[API.Call Center][Tue, 08 Aug 2023 16:43:54 GMT] Connected to database successfully 
[API.Call Center][Thu, 10 Aug 2023 06:52:09 GMT] Setting up request middleware... 
[API.Call Center][Thu, 10 Aug 2023 06:52:09 GMT] Server is starting... 
[API.Call Center][Thu, 10 Aug 2023 06:52:09 GMT] Server is running on port 4500 
[API.Call Center][Thu, 10 Aug 2023 06:52:11 GMT] Connected to database successfully 
[API.Call Center][Sat, 12 Aug 2023 08:07:05 GMT] Setting up request middleware... 
[API.Call Center][Sat, 12 Aug 2023 08:07:05 GMT] Server is starting... 
[API.Call Center][Sat, 12 Aug 2023 08:07:05 GMT] Server is running on port 4500 
[API.Call Center][Sat, 12 Aug 2023 08:07:06 GMT] Connected to database successfully 
[API.Call Center][Sat, 12 Aug 2023 13:30:01 GMT] Setting up request middleware... 
[API.Call Center][Sat, 12 Aug 2023 13:30:01 GMT] Server is starting... 
[API.Call Center][Sat, 12 Aug 2023 13:30:01 GMT] Server is running on port 4500 
[API.Call Center][Sat, 12 Aug 2023 13:30:02 GMT] Connected to database successfully 
[API.Call Center][Wed, 09 Aug 2023 05:30:02 GMT] Server is starting... 
[API.Call Center][Wed, 09 Aug 2023 05:30:02 GMT] Server is running on port 4500 
[API.Call Center][Wed, 09 Aug 2023 05:30:02 GMT] Setting up request middleware... 
[API.Call Center][Wed, 09 Aug 2023 05:30:03 GMT] Connected to database successfully 
[API.Call Center][Wed, 09 Aug 2023 08:59:27 GMT] Setting up request middleware... 
[API.Call Center][Wed, 09 Aug 2023 08:59:27 GMT] Server is starting... 
[API.Call Center][Wed, 09 Aug 2023 08:59:27 GMT] Server is running on port 4500 
[API.Call Center][Wed, 09 Aug 2023 08:59:28 GMT] Connected to database successfully 
[API.Call Center][Wed, 09 Aug 2023 10:42:00 GMT] Setting up request middleware... 
[API.Call Center][Wed, 09 Aug 2023 10:42:00 GMT] Server is starting... 
[API.Call Center][Wed, 09 Aug 2023 10:42:00 GMT] Server is running on port 4500 
[API.Call Center][Wed, 09 Aug 2023 10:42:02 GMT] Connected to database successfully 
[API.Call Center][Wed, 09 Aug 2023 13:16:26 GMT] Setting up request middleware... 
[API.Call Center][Wed, 09 Aug 2023 13:16:26 GMT] Server is starting... 
[API.Call Center][Wed, 09 Aug 2023 13:16:26 GMT] Server is running on port 4500 
[API.Call Center][Wed, 09 Aug 2023 13:16:27 GMT] Connected to database successfully 
[API.Call Center][Fri, 11 Aug 2023 09:24:28 GMT] Setting up request middleware... 
[API.Call Center][Fri, 11 Aug 2023 09:24:28 GMT] Server is starting... 
[API.Call Center][Fri, 11 Aug 2023 09:24:28 GMT] Server is running on port 4500 
[API.Call Center][Fri, 11 Aug 2023 09:24:29 GMT] Connected to database successfully 
[API.Call Center][Fri, 11 Aug 2023 09:56:00 GMT] Setting up request middleware... 
[API.Call Center][Fri, 11 Aug 2023 09:56:00 GMT] Server is starting... 
[API.Call Center][Fri, 11 Aug 2023 09:56:00 GMT] Server is running on port 4500 
[API.Call Center][Fri, 11 Aug 2023 09:56:01 GMT] Connected to database successfully 
[API.Call Center][Fri, 11 Aug 2023 10:01:16 GMT] Setting up request middleware... 
[API.Call Center][Fri, 11 Aug 2023 10:01:16 GMT] Server is starting... 
[API.Call Center][Fri, 11 Aug 2023 10:01:16 GMT] Server is running on port 4500 
[API.Call Center][Fri, 11 Aug 2023 10:01:17 GMT] Connected to database successfully 
[API.Call Center][Fri, 11 Aug 2023 11:49:55 GMT] Setting up request middleware... 
[API.Call Center][Fri, 11 Aug 2023 11:49:55 GMT] Server is starting... 
[API.Call Center][Fri, 11 Aug 2023 11:49:55 GMT] Server is running on port 4500 
[API.Call Center][Fri, 11 Aug 2023 11:49:56 GMT] Connected to database successfully 
[API.Call Center][Sun, 13 Aug 2023 04:29:02 GMT] Setting up request middleware... 
[API.Call Center][Sun, 13 Aug 2023 04:29:02 GMT] Server is starting... 
[API.Call Center][Sun, 13 Aug 2023 04:29:02 GMT] Server is running on port 4500 
[API.Call Center][Sun, 13 Aug 2023 04:29:03 GMT] Connected to database successfully 
[API.Call Center][Tue, 15 Aug 2023 02:38:07 GMT] Setting up request middleware... 
[API.Call Center][Tue, 15 Aug 2023 02:38:07 GMT] Server is starting... 
[API.Call Center][Tue, 15 Aug 2023 02:38:07 GMT] Server is running on port 4500 
[API.Call Center][Tue, 15 Aug 2023 02:38:08 GMT] Connected to database successfully 
[API.Call Center][Tue, 15 Aug 2023 03:42:10 GMT] Setting up request middleware... 
[API.Call Center][Tue, 15 Aug 2023 03:42:10 GMT] Server is starting... 
[API.Call Center][Tue, 15 Aug 2023 03:42:10 GMT] Server is running on port 4500 
[API.Call Center][Tue, 15 Aug 2023 03:42:12 GMT] Connected to database successfully 
[API.Call Center][Tue, 15 Aug 2023 03:47:25 GMT] Setting up request middleware... 
[API.Call Center][Tue, 15 Aug 2023 03:47:25 GMT] Server is starting... 
[API.Call Center][Tue, 15 Aug 2023 03:47:25 GMT] Server is running on port 4500 
[API.Call Center][Tue, 15 Aug 2023 03:47:26 GMT] Connected to database successfully 
[API.Call Center][Mon, 14 Aug 2023 06:08:14 GMT] Setting up request middleware... 
[API.Call Center][Mon, 14 Aug 2023 06:08:15 GMT] Server is starting... 
[API.Call Center][Mon, 14 Aug 2023 06:08:15 GMT] Server is running on port 4500 
[API.Call Center][Mon, 14 Aug 2023 06:08:16 GMT] Connected to database successfully 
[API.Call Center][Mon, 14 Aug 2023 06:14:52 GMT] Setting up request middleware... 
[API.Call Center][Mon, 14 Aug 2023 06:14:52 GMT] Server is starting... 
[API.Call Center][Mon, 14 Aug 2023 06:14:52 GMT] Server is running on port 4500 
[API.Call Center][Mon, 14 Aug 2023 06:14:53 GMT] Connected to database successfully 
[API.Call Center][Mon, 14 Aug 2023 06:15:39 GMT] Setting up request middleware... 
[API.Call Center][Mon, 14 Aug 2023 06:15:39 GMT] Server is starting... 
[API.Call Center][Mon, 14 Aug 2023 06:15:39 GMT] Server is running on port 4500 
[API.Call Center][Mon, 14 Aug 2023 06:15:40 GMT] Connected to database successfully 
[API.Call Center][Mon, 14 Aug 2023 06:15:51 GMT] Setting up request middleware... 
[API.Call Center][Mon, 14 Aug 2023 06:15:51 GMT] Server is starting... 
[API.Call Center][Mon, 14 Aug 2023 06:15:51 GMT] Server is running on port 4500 
[API.Call Center][Mon, 14 Aug 2023 06:15:52 GMT] Connected to database successfully 
[API.Call Center][Mon, 14 Aug 2023 06:16:19 GMT] Setting up request middleware... 
[API.Call Center][Mon, 14 Aug 2023 06:16:19 GMT] Server is starting... 
[API.Call Center][Mon, 14 Aug 2023 06:16:20 GMT] Server is running on port 4500 
[API.Call Center][Mon, 14 Aug 2023 06:16:20 GMT] Connected to database successfully 
[API.Call Center][Mon, 14 Aug 2023 06:24:15 GMT] Setting up request middleware... 
[API.Call Center][Mon, 14 Aug 2023 06:24:15 GMT] Server is starting... 
[API.Call Center][Mon, 14 Aug 2023 06:24:15 GMT] Server is running on port 4500 
[API.Call Center][Mon, 14 Aug 2023 06:24:17 GMT] Connected to database successfully 
[API.Call Center][Mon, 14 Aug 2023 06:24:27 GMT] Setting up request middleware... 
[API.Call Center][Mon, 14 Aug 2023 06:24:27 GMT] Server is starting... 
[API.Call Center][Mon, 14 Aug 2023 06:24:27 GMT] Server is running on port 4500 
[API.Call Center][Mon, 14 Aug 2023 06:24:28 GMT] Connected to database successfully 
[API.Call Center][Mon, 14 Aug 2023 06:29:37 GMT] Setting up request middleware... 
[API.Call Center][Mon, 14 Aug 2023 06:29:37 GMT] Server is starting... 
[API.Call Center][Mon, 14 Aug 2023 06:29:37 GMT] Server is running on port 4500 
[API.Call Center][Mon, 14 Aug 2023 06:29:39 GMT] Connected to database successfully 
[API.Call Center][Mon, 14 Aug 2023 06:33:14 GMT] Setting up request middleware... 
[API.Call Center][Mon, 14 Aug 2023 06:33:14 GMT] Server is starting... 
[API.Call Center][Mon, 14 Aug 2023 06:33:14 GMT] Server is running on port 4500 
[API.Call Center][Mon, 14 Aug 2023 06:33:15 GMT] Connected to database successfully 
[API.Call Center][Mon, 14 Aug 2023 06:33:23 GMT] Setting up request middleware... 
[API.Call Center][Mon, 14 Aug 2023 06:33:23 GMT] Server is starting... 
[API.Call Center][Mon, 14 Aug 2023 06:33:23 GMT] Server is running on port 4500 
[API.Call Center][Mon, 14 Aug 2023 06:33:24 GMT] Connected to database successfully 
[API.Call Center][Mon, 14 Aug 2023 06:33:55 GMT] Setting up request middleware... 
[API.Call Center][Mon, 14 Aug 2023 06:33:55 GMT] Server is starting... 
[API.Call Center][Mon, 14 Aug 2023 06:33:55 GMT] Server is running on port 4500 
[API.Call Center][Mon, 14 Aug 2023 06:33:56 GMT] Connected to database successfully 
[API.Call Center][Mon, 14 Aug 2023 06:33:59 GMT] Setting up request middleware... 
[API.Call Center][Mon, 14 Aug 2023 06:33:59 GMT] Server is starting... 
[API.Call Center][Mon, 14 Aug 2023 06:33:59 GMT] Server is running on port 4500 
[API.Call Center][Mon, 14 Aug 2023 06:34:00 GMT] Connected to database successfully 
[API.Call Center][Mon, 14 Aug 2023 06:34:08 GMT] Setting up request middleware... 
[API.Call Center][Mon, 14 Aug 2023 06:34:08 GMT] Server is starting... 
[API.Call Center][Mon, 14 Aug 2023 06:34:08 GMT] Server is running on port 4500 
[API.Call Center][Mon, 14 Aug 2023 06:34:09 GMT] Connected to database successfully 
[API.Call Center][Mon, 14 Aug 2023 06:34:15 GMT] Setting up request middleware... 
[API.Call Center][Mon, 14 Aug 2023 06:34:15 GMT] Server is starting... 
[API.Call Center][Mon, 14 Aug 2023 06:34:15 GMT] Server is running on port 4500 
[API.Call Center][Mon, 14 Aug 2023 06:34:16 GMT] Connected to database successfully 
[API.Call Center][Mon, 14 Aug 2023 06:34:28 GMT] Setting up request middleware... 
[API.Call Center][Mon, 14 Aug 2023 06:34:28 GMT] Server is starting... 
[API.Call Center][Mon, 14 Aug 2023 06:34:28 GMT] Server is running on port 4500 
[API.Call Center][Mon, 14 Aug 2023 06:34:29 GMT] Connected to database successfully 
[API.Call Center][Mon, 14 Aug 2023 06:36:31 GMT] Setting up request middleware... 
[API.Call Center][Mon, 14 Aug 2023 06:36:31 GMT] Server is starting... 
[API.Call Center][Mon, 14 Aug 2023 06:36:31 GMT] Server is running on port 4500 
[API.Call Center][Mon, 14 Aug 2023 06:36:32 GMT] Connected to database successfully 
[API.Call Center][Mon, 14 Aug 2023 06:37:33 GMT] Setting up request middleware... 
[API.Call Center][Mon, 14 Aug 2023 06:37:33 GMT] Server is starting... 
[API.Call Center][Mon, 14 Aug 2023 06:37:33 GMT] Server is running on port 4500 
[API.Call Center][Mon, 14 Aug 2023 06:37:34 GMT] Connected to database successfully 
[API.Call Center][Mon, 14 Aug 2023 06:38:40 GMT] Setting up request middleware... 
[API.Call Center][Mon, 14 Aug 2023 06:38:40 GMT] Server is starting... 
[API.Call Center][Mon, 14 Aug 2023 06:38:40 GMT] Server is running on port 4500 
[API.Call Center][Mon, 14 Aug 2023 06:38:41 GMT] Connected to database successfully 
[API.Call Center][Mon, 14 Aug 2023 06:39:00 GMT] Setting up request middleware... 
[API.Call Center][Mon, 14 Aug 2023 06:39:00 GMT] Server is starting... 
[API.Call Center][Mon, 14 Aug 2023 06:39:00 GMT] Server is running on port 4500 
[API.Call Center][Mon, 14 Aug 2023 06:39:01 GMT] Connected to database successfully 
[API.Call Center][Mon, 14 Aug 2023 06:39:27 GMT] Setting up request middleware... 
[API.Call Center][Mon, 14 Aug 2023 06:39:27 GMT] Server is starting... 
[API.Call Center][Mon, 14 Aug 2023 06:39:27 GMT] Server is running on port 4500 
[API.Call Center][Mon, 14 Aug 2023 06:39:27 GMT] Connected to database successfully 
[API.Call Center][Mon, 14 Aug 2023 06:39:41 GMT] Setting up request middleware... 
[API.Call Center][Mon, 14 Aug 2023 06:39:41 GMT] Server is starting... 
[API.Call Center][Mon, 14 Aug 2023 06:39:41 GMT] Server is running on port 4500 
[API.Call Center][Mon, 14 Aug 2023 06:39:42 GMT] Connected to database successfully 
[API.Call Center][Mon, 14 Aug 2023 06:40:23 GMT] Setting up request middleware... 
[API.Call Center][Mon, 14 Aug 2023 06:40:23 GMT] Server is starting... 
[API.Call Center][Mon, 14 Aug 2023 06:40:23 GMT] Server is running on port 4500 
[API.Call Center][Mon, 14 Aug 2023 06:40:24 GMT] Connected to database successfully 
[API.Call Center][Mon, 14 Aug 2023 06:40:30 GMT] Setting up request middleware... 
[API.Call Center][Mon, 14 Aug 2023 06:40:30 GMT] Server is starting... 
[API.Call Center][Mon, 14 Aug 2023 06:40:30 GMT] Server is running on port 4500 
[API.Call Center][Mon, 14 Aug 2023 06:40:31 GMT] Connected to database successfully 
[API.Call Center][Mon, 14 Aug 2023 06:40:35 GMT] Setting up request middleware... 
[API.Call Center][Mon, 14 Aug 2023 06:40:35 GMT] Server is starting... 
[API.Call Center][Mon, 14 Aug 2023 06:40:35 GMT] Server is running on port 4500 
[API.Call Center][Mon, 14 Aug 2023 06:40:35 GMT] Connected to database successfully 
[API.Call Center][Mon, 14 Aug 2023 06:41:22 GMT] Setting up request middleware... 
[API.Call Center][Mon, 14 Aug 2023 06:41:22 GMT] Server is starting... 
[API.Call Center][Mon, 14 Aug 2023 06:41:22 GMT] Server is running on port 4500 
[API.Call Center][Mon, 14 Aug 2023 06:41:23 GMT] Connected to database successfully 
[API.Call Center][Mon, 14 Aug 2023 06:41:45 GMT] Setting up request middleware... 
[API.Call Center][Mon, 14 Aug 2023 06:41:45 GMT] Server is starting... 
[API.Call Center][Mon, 14 Aug 2023 06:41:45 GMT] Server is running on port 4500 
[API.Call Center][Mon, 14 Aug 2023 06:41:46 GMT] Connected to database successfully 
[API.Call Center][Mon, 14 Aug 2023 06:41:57 GMT] Setting up request middleware... 
[API.Call Center][Mon, 14 Aug 2023 06:41:57 GMT] Server is starting... 
[API.Call Center][Mon, 14 Aug 2023 06:41:57 GMT] Server is running on port 4500 
[API.Call Center][Mon, 14 Aug 2023 06:41:58 GMT] Connected to database successfully 
[API.Call Center][Mon, 14 Aug 2023 06:43:04 GMT] Setting up request middleware... 
[API.Call Center][Mon, 14 Aug 2023 06:43:04 GMT] Server is starting... 
[API.Call Center][Mon, 14 Aug 2023 06:43:04 GMT] Server is running on port 4500 
[API.Call Center][Mon, 14 Aug 2023 06:43:05 GMT] Connected to database successfully 
[API.Call Center][Mon, 14 Aug 2023 06:44:14 GMT] Setting up request middleware... 
[API.Call Center][Mon, 14 Aug 2023 06:44:14 GMT] Server is starting... 
[API.Call Center][Mon, 14 Aug 2023 06:44:14 GMT] Server is running on port 4500 
[API.Call Center][Mon, 14 Aug 2023 06:44:16 GMT] Connected to database successfully 
[API.Call Center][Mon, 14 Aug 2023 06:44:29 GMT] Setting up request middleware... 
[API.Call Center][Mon, 14 Aug 2023 06:44:29 GMT] Server is starting... 
[API.Call Center][Mon, 14 Aug 2023 06:44:29 GMT] Server is running on port 4500 
[API.Call Center][Mon, 14 Aug 2023 06:44:30 GMT] Connected to database successfully 
[API.Call Center][Mon, 14 Aug 2023 06:44:48 GMT] Setting up request middleware... 
[API.Call Center][Mon, 14 Aug 2023 06:44:48 GMT] Server is starting... 
[API.Call Center][Mon, 14 Aug 2023 06:44:48 GMT] Server is running on port 4500 
[API.Call Center][Mon, 14 Aug 2023 06:44:49 GMT] Connected to database successfully 
[API.Call Center][Mon, 14 Aug 2023 06:45:04 GMT] Setting up request middleware... 
[API.Call Center][Mon, 14 Aug 2023 06:45:04 GMT] Server is starting... 
[API.Call Center][Mon, 14 Aug 2023 06:45:04 GMT] Server is running on port 4500 
[API.Call Center][Mon, 14 Aug 2023 06:45:05 GMT] Connected to database successfully 
[API.Call Center][Mon, 14 Aug 2023 06:45:27 GMT] Setting up request middleware... 
[API.Call Center][Mon, 14 Aug 2023 06:45:27 GMT] Server is starting... 
[API.Call Center][Mon, 14 Aug 2023 06:45:27 GMT] Server is running on port 4500 
[API.Call Center][Mon, 14 Aug 2023 06:45:28 GMT] Connected to database successfully 
[API.Call Center][Mon, 14 Aug 2023 06:45:31 GMT] Setting up request middleware... 
[API.Call Center][Mon, 14 Aug 2023 06:45:31 GMT] Server is starting... 
[API.Call Center][Mon, 14 Aug 2023 06:45:31 GMT] Server is running on port 4500 
[API.Call Center][Mon, 14 Aug 2023 06:45:32 GMT] Connected to database successfully 
[API.Call Center][Mon, 14 Aug 2023 06:45:36 GMT] Setting up request middleware... 
[API.Call Center][Mon, 14 Aug 2023 06:45:36 GMT] Server is starting... 
[API.Call Center][Mon, 14 Aug 2023 06:45:36 GMT] Server is running on port 4500 
[API.Call Center][Mon, 14 Aug 2023 06:45:37 GMT] Connected to database successfully 
[API.Call Center][Mon, 14 Aug 2023 06:45:59 GMT] Setting up request middleware... 
[API.Call Center][Mon, 14 Aug 2023 06:45:59 GMT] Server is starting... 
[API.Call Center][Mon, 14 Aug 2023 06:45:59 GMT] Server is running on port 4500 
[API.Call Center][Mon, 14 Aug 2023 06:46:00 GMT] Connected to database successfully 
[API.Call Center][Mon, 14 Aug 2023 06:46:18 GMT] Setting up request middleware... 
[API.Call Center][Mon, 14 Aug 2023 06:46:18 GMT] Server is starting... 
[API.Call Center][Mon, 14 Aug 2023 06:46:18 GMT] Server is running on port 4500 
[API.Call Center][Mon, 14 Aug 2023 06:46:19 GMT] Connected to database successfully 
[API.Call Center][Mon, 14 Aug 2023 06:47:10 GMT] Setting up request middleware... 
[API.Call Center][Mon, 14 Aug 2023 06:47:10 GMT] Server is starting... 
[API.Call Center][Mon, 14 Aug 2023 06:47:10 GMT] Server is running on port 4500 
[API.Call Center][Mon, 14 Aug 2023 06:47:11 GMT] Connected to database successfully 
[API.Call Center][Mon, 14 Aug 2023 06:47:18 GMT] Setting up request middleware... 
[API.Call Center][Mon, 14 Aug 2023 06:47:18 GMT] Server is starting... 
[API.Call Center][Mon, 14 Aug 2023 06:47:18 GMT] Server is running on port 4500 
[API.Call Center][Mon, 14 Aug 2023 06:47:19 GMT] Connected to database successfully 
[API.Call Center][Mon, 14 Aug 2023 06:52:45 GMT] Setting up request middleware... 
[API.Call Center][Mon, 14 Aug 2023 06:52:45 GMT] Server is starting... 
[API.Call Center][Mon, 14 Aug 2023 06:52:45 GMT] Server is running on port 4500 
[API.Call Center][Mon, 14 Aug 2023 06:52:46 GMT] Connected to database successfully 
[API.Call Center][Mon, 14 Aug 2023 06:53:07 GMT] Setting up request middleware... 
[API.Call Center][Mon, 14 Aug 2023 06:53:07 GMT] Server is starting... 
[API.Call Center][Mon, 14 Aug 2023 06:53:07 GMT] Server is running on port 4500 
[API.Call Center][Mon, 14 Aug 2023 06:53:08 GMT] Connected to database successfully 
[API.Call Center][Mon, 14 Aug 2023 06:53:19 GMT] Setting up request middleware... 
[API.Call Center][Mon, 14 Aug 2023 06:53:19 GMT] Server is starting... 
[API.Call Center][Mon, 14 Aug 2023 06:53:19 GMT] Server is running on port 4500 
[API.Call Center][Mon, 14 Aug 2023 06:53:20 GMT] Connected to database successfully 
[API.Call Center][Mon, 14 Aug 2023 06:53:36 GMT] Setting up request middleware... 
[API.Call Center][Mon, 14 Aug 2023 06:53:36 GMT] Server is starting... 
[API.Call Center][Mon, 14 Aug 2023 06:53:36 GMT] Server is running on port 4500 
[API.Call Center][Mon, 14 Aug 2023 06:53:37 GMT] Connected to database successfully 
[API.Call Center][Mon, 14 Aug 2023 06:54:56 GMT] Setting up request middleware... 
[API.Call Center][Mon, 14 Aug 2023 06:54:56 GMT] Server is starting... 
[API.Call Center][Mon, 14 Aug 2023 06:54:56 GMT] Server is running on port 4500 
[API.Call Center][Mon, 14 Aug 2023 06:54:58 GMT] Connected to database successfully 
[API.Call Center][Mon, 14 Aug 2023 06:55:47 GMT] Setting up request middleware... 
[API.Call Center][Mon, 14 Aug 2023 06:55:48 GMT] Server is starting... 
[API.Call Center][Mon, 14 Aug 2023 06:55:48 GMT] Server is running on port 4500 
[API.Call Center][Mon, 14 Aug 2023 06:55:48 GMT] Connected to database successfully 
[API.Call Center][Mon, 14 Aug 2023 06:56:09 GMT] Setting up request middleware... 
[API.Call Center][Mon, 14 Aug 2023 06:56:09 GMT] Server is starting... 
[API.Call Center][Mon, 14 Aug 2023 06:56:09 GMT] Server is running on port 4500 
[API.Call Center][Mon, 14 Aug 2023 06:56:10 GMT] Connected to database successfully 
[API.Call Center][Mon, 14 Aug 2023 06:56:31 GMT] Setting up request middleware... 
[API.Call Center][Mon, 14 Aug 2023 06:56:31 GMT] Server is starting... 
[API.Call Center][Mon, 14 Aug 2023 06:56:31 GMT] Server is running on port 4500 
[API.Call Center][Mon, 14 Aug 2023 06:56:32 GMT] Connected to database successfully 
[API.Call Center][Mon, 14 Aug 2023 06:57:03 GMT] Setting up request middleware... 
[API.Call Center][Mon, 14 Aug 2023 06:57:03 GMT] Server is starting... 
[API.Call Center][Mon, 14 Aug 2023 06:57:03 GMT] Server is running on port 4500 
[API.Call Center][Mon, 14 Aug 2023 06:57:04 GMT] Connected to database successfully 
[API.Call Center][Mon, 14 Aug 2023 06:57:29 GMT] Setting up request middleware... 
[API.Call Center][Mon, 14 Aug 2023 06:57:29 GMT] Server is starting... 
[API.Call Center][Mon, 14 Aug 2023 06:57:29 GMT] Server is running on port 4500 
[API.Call Center][Mon, 14 Aug 2023 06:57:30 GMT] Connected to database successfully 
[API.Call Center][Mon, 14 Aug 2023 07:02:25 GMT] Setting up request middleware... 
[API.Call Center][Mon, 14 Aug 2023 07:02:25 GMT] Server is starting... 
[API.Call Center][Mon, 14 Aug 2023 07:02:25 GMT] Server is running on port 4500 
[API.Call Center][Mon, 14 Aug 2023 07:02:25 GMT] Could not connect to the rabbit mq Error: connect ECONNREFUSED 127.0.0.1:5672 
[API.Call Center][Mon, 14 Aug 2023 07:02:26 GMT] Connected to database successfully 
[API.Call Center][Mon, 14 Aug 2023 07:02:41 GMT] Setting up request middleware... 
[API.Call Center][Mon, 14 Aug 2023 07:02:41 GMT] Server is starting... 
[API.Call Center][Mon, 14 Aug 2023 07:02:41 GMT] Server is running on port 4500 
[API.Call Center][Mon, 14 Aug 2023 07:02:42 GMT] Connected to database successfully 
[API.Call Center][Mon, 14 Aug 2023 07:15:32 GMT] Setting up request middleware... 
[API.Call Center][Mon, 14 Aug 2023 07:15:32 GMT] Server is running on port 4500 
[API.Call Center][Mon, 14 Aug 2023 07:15:32 GMT] Could not connect to the rabbit mq Error: connect ECONNREFUSED 0.0.0.0:5672 
[API.Call Center][Mon, 14 Aug 2023 07:15:33 GMT] Connected to database successfully 
[API.Call Center][Mon, 14 Aug 2023 07:15:37 GMT] Setting up request middleware... 
[API.Call Center][Mon, 14 Aug 2023 07:15:37 GMT] Server is starting... 
[API.Call Center][Mon, 14 Aug 2023 07:15:37 GMT] Server is running on port 4500 
[API.Call Center][Mon, 14 Aug 2023 07:15:37 GMT] Could not connect to the rabbit mq Error: connect ECONNREFUSED 0.0.0.0:5672 
[API.Call Center][Mon, 14 Aug 2023 07:15:38 GMT] Connected to database successfully 
[API.Call Center][Mon, 14 Aug 2023 07:16:07 GMT] Setting up request middleware... 
[API.Call Center][Mon, 14 Aug 2023 07:16:07 GMT] Server is starting... 
[API.Call Center][Mon, 14 Aug 2023 07:16:07 GMT] Server is running on port 4500 
[API.Call Center][Mon, 14 Aug 2023 07:16:08 GMT] Connected to database successfully 
[API.Call Center][Mon, 14 Aug 2023 07:16:12 GMT] Could not connect to the rabbit mq Error: getaddrinfo EAI_AGAIN : 
[API.Call Center][Mon, 14 Aug 2023 07:16:31 GMT] Setting up request middleware... 
[API.Call Center][Mon, 14 Aug 2023 07:16:31 GMT] Server is starting... 
[API.Call Center][Mon, 14 Aug 2023 07:16:31 GMT] Server is running on port 4500 
[API.Call Center][Mon, 14 Aug 2023 07:16:34 GMT] Connected to database successfully 
[API.Call Center][Mon, 14 Aug 2023 07:19:05 GMT] Setting up request middleware... 
[API.Call Center][Mon, 14 Aug 2023 07:19:05 GMT] Server is starting... 
[API.Call Center][Mon, 14 Aug 2023 07:19:05 GMT] Server is running on port 4500 
[API.Call Center][Mon, 14 Aug 2023 07:19:07 GMT] Connected to database successfully 
[API.Call Center][Mon, 14 Aug 2023 07:19:20 GMT] Setting up request middleware... 
[API.Call Center][Mon, 14 Aug 2023 07:19:20 GMT] Server is starting... 
[API.Call Center][Mon, 14 Aug 2023 07:19:20 GMT] Server is running on port 4500 
[API.Call Center][Mon, 14 Aug 2023 07:19:20 GMT] Connected to database successfully 
[API.Call Center][Mon, 14 Aug 2023 07:20:29 GMT] Setting up request middleware... 
[API.Call Center][Mon, 14 Aug 2023 07:20:29 GMT] Server is starting... 
[API.Call Center][Mon, 14 Aug 2023 07:20:29 GMT] Server is running on port 4500 
[API.Call Center][Mon, 14 Aug 2023 07:20:30 GMT] Connected to database successfully 
[API.Call Center][Mon, 14 Aug 2023 07:21:09 GMT] Setting up request middleware... 
[API.Call Center][Mon, 14 Aug 2023 07:21:09 GMT] Server is starting... 
[API.Call Center][Mon, 14 Aug 2023 07:21:09 GMT] Server is running on port 4500 
[API.Call Center][Mon, 14 Aug 2023 07:21:10 GMT] Connected to database successfully 
[API.Call Center][Mon, 14 Aug 2023 07:21:50 GMT] Setting up request middleware... 
[API.Call Center][Mon, 14 Aug 2023 07:21:50 GMT] Server is starting... 
[API.Call Center][Mon, 14 Aug 2023 07:21:50 GMT] Server is running on port 4500 
[API.Call Center][Mon, 14 Aug 2023 07:21:51 GMT] Connected to database successfully 
[API.Call Center][Mon, 14 Aug 2023 07:22:46 GMT] Setting up request middleware... 
[API.Call Center][Mon, 14 Aug 2023 07:22:46 GMT] Server is starting... 
[API.Call Center][Mon, 14 Aug 2023 07:22:46 GMT] Server is running on port 4500 
[API.Call Center][Mon, 14 Aug 2023 07:22:47 GMT] Connected to database successfully 
[API.Call Center][Mon, 14 Aug 2023 07:23:18 GMT] Setting up request middleware... 
[API.Call Center][Mon, 14 Aug 2023 07:23:18 GMT] Server is starting... 
[API.Call Center][Mon, 14 Aug 2023 07:23:18 GMT] Server is running on port 4500 
[API.Call Center][Mon, 14 Aug 2023 07:23:19 GMT] Connected to database successfully 
[API.Call Center][Mon, 14 Aug 2023 07:23:30 GMT] Setting up request middleware... 
[API.Call Center][Mon, 14 Aug 2023 07:23:30 GMT] Server is starting... 
[API.Call Center][Mon, 14 Aug 2023 07:23:30 GMT] Server is running on port 4500 
[API.Call Center][Mon, 14 Aug 2023 07:23:30 GMT] Connected to the rabbit mq 
[API.Call Center][Mon, 14 Aug 2023 07:23:31 GMT] Connected to database successfully 
[API.Call Center][Mon, 14 Aug 2023 07:23:48 GMT] Setting up request middleware... 
[API.Call Center][Mon, 14 Aug 2023 07:23:48 GMT] Server is starting... 
[API.Call Center][Mon, 14 Aug 2023 07:23:48 GMT] Server is running on port 4500 
[API.Call Center][Mon, 14 Aug 2023 07:23:49 GMT] Connected to the rabbit mq successfully 
[API.Call Center][Mon, 14 Aug 2023 07:23:49 GMT] Connected to database successfully 
[API.Call Center][Mon, 14 Aug 2023 07:29:40 GMT] Setting up request middleware... 
[API.Call Center][Mon, 14 Aug 2023 07:29:40 GMT] Server is starting... 
[API.Call Center][Mon, 14 Aug 2023 07:29:40 GMT] Server is running on port 4500 
[API.Call Center][Mon, 14 Aug 2023 07:29:40 GMT] Could not connect to the rabbit mq Error: Socket closed abruptly during opening handshake 
[API.Call Center][Mon, 14 Aug 2023 07:29:42 GMT] Connected to database successfully 
[API.Call Center][Mon, 14 Aug 2023 07:31:47 GMT] Setting up request middleware... 
[API.Call Center][Mon, 14 Aug 2023 07:31:47 GMT] Server is starting... 
[API.Call Center][Mon, 14 Aug 2023 07:31:47 GMT] Server is running on port 4500 
[API.Call Center][Mon, 14 Aug 2023 07:31:47 GMT] Could not connect to the rabbit mq Error: Socket closed abruptly during opening handshake 
[API.Call Center][Mon, 14 Aug 2023 07:31:48 GMT] Connected to database successfully 
[API.Call Center][Mon, 14 Aug 2023 07:35:02 GMT] Setting up request middleware... 
[API.Call Center][Mon, 14 Aug 2023 07:35:02 GMT] Server is starting... 
[API.Call Center][Mon, 14 Aug 2023 07:35:02 GMT] Server is running on port 4500 
[API.Call Center][Mon, 14 Aug 2023 07:35:02 GMT] Connected to the rabbit mq successfully 
[API.Call Center][Mon, 14 Aug 2023 07:35:03 GMT] Connected to database successfully 
[API.Call Center][Mon, 14 Aug 2023 07:48:17 GMT] Setting up request middleware... 
[API.Call Center][Mon, 14 Aug 2023 07:48:17 GMT] Server is starting... 
[API.Call Center][Mon, 14 Aug 2023 07:48:17 GMT] Server is running on port 4500 
[API.Call Center][Mon, 14 Aug 2023 07:48:17 GMT] Connected to the rabbit mq successfully 
[API.Call Center][Mon, 14 Aug 2023 07:48:18 GMT] Connected to database successfully 
[API.Call Center][Mon, 14 Aug 2023 07:48:23 GMT] Setting up request middleware... 
[API.Call Center][Mon, 14 Aug 2023 07:48:23 GMT] Server is starting... 
[API.Call Center][Mon, 14 Aug 2023 07:48:24 GMT] Server is running on port 4500 
[API.Call Center][Mon, 14 Aug 2023 07:48:24 GMT] Connected to the rabbit mq successfully 
[API.Call Center][Mon, 14 Aug 2023 07:48:25 GMT] Connected to database successfully 
[API.Call Center][Mon, 14 Aug 2023 07:48:59 GMT] Setting up request middleware... 
[API.Call Center][Mon, 14 Aug 2023 07:48:59 GMT] Server is starting... 
[API.Call Center][Mon, 14 Aug 2023 07:48:59 GMT] Server is running on port 4500 
[API.Call Center][Mon, 14 Aug 2023 07:49:00 GMT] Connected to the rabbit mq successfully 
[API.Call Center][Mon, 14 Aug 2023 07:49:00 GMT] Connected to database successfully 
[API.Call Center][Mon, 14 Aug 2023 07:50:06 GMT] Setting up request middleware... 
[API.Call Center][Mon, 14 Aug 2023 07:50:06 GMT] Server is starting... 
[API.Call Center][Mon, 14 Aug 2023 07:50:06 GMT] Server is running on port 4500 
[API.Call Center][Mon, 14 Aug 2023 07:50:06 GMT] Connected to the rabbit mq successfully 
[API.Call Center][Mon, 14 Aug 2023 07:50:07 GMT] Connected to database successfully 
[API.Call Center][Mon, 14 Aug 2023 07:50:38 GMT] Setting up request middleware... 
[API.Call Center][Mon, 14 Aug 2023 07:50:38 GMT] Server is starting... 
[API.Call Center][Mon, 14 Aug 2023 07:50:38 GMT] Server is running on port 4500 
[API.Call Center][Mon, 14 Aug 2023 07:50:38 GMT] Connected to the rabbit mq successfully 
[API.Call Center][Mon, 14 Aug 2023 07:50:39 GMT] Connected to database successfully 
[API.Call Center][Mon, 14 Aug 2023 08:46:17 GMT] Setting up request middleware... 
[API.Call Center][Mon, 14 Aug 2023 08:46:17 GMT] Server is starting... 
[API.Call Center][Mon, 14 Aug 2023 08:46:17 GMT] Server is running on port 4500 
[API.Call Center][Mon, 14 Aug 2023 08:46:17 GMT] Could not connect to the rabbit mq Error: Socket closed abruptly during opening handshake 
[API.Call Center][Mon, 14 Aug 2023 08:46:18 GMT] Connected to database successfully 
[API.Call Center][Mon, 14 Aug 2023 08:51:46 GMT] Setting up request middleware... 
[API.Call Center][Mon, 14 Aug 2023 08:51:46 GMT] Server is starting... 
[API.Call Center][Mon, 14 Aug 2023 08:51:46 GMT] Server is running on port 4500 
[API.Call Center][Mon, 14 Aug 2023 08:51:46 GMT] Could not connect to the rabbit mq Error: Socket closed abruptly during opening handshake 
[API.Call Center][Mon, 14 Aug 2023 08:51:47 GMT] Connected to database successfully 
