[API.Authentication][Tue, 11 Jul 2023 17:56:49 GMT] Setting up request middleware... 
[API.Authentication][Tue, 11 Jul 2023 17:56:49 GMT] Server is starting... 
[API.Authentication][Tue, 11 Jul 2023 17:56:49 GMT] Server is running on port 4100 
[API.Authentication][Tue, 11 Jul 2023 17:56:50 GMT] Connected to database successfully 
[API.Authentication][Tue, 11 Jul 2023 18:05:13 GMT] Setting up request middleware... 
[API.Authentication][Tue, 11 Jul 2023 18:05:13 GMT] Server is starting... 
[API.Authentication][Tue, 11 Jul 2023 18:05:13 GMT] Server is running on port 4100 
[API.Authentication][Tue, 11 Jul 2023 18:05:14 GMT] Connected to database successfully 
[API.Authentication][Tue, 11 Jul 2023 18:07:13 GMT] Setting up request middleware... 
[API.Authentication][Tue, 11 Jul 2023 18:07:13 GMT] Server is starting... 
[API.Authentication][Tue, 11 Jul 2023 18:07:13 GMT] Server is running on port 4100 
[API.Authentication][Tue, 11 Jul 2023 18:07:14 GMT] Connected to database successfully 
[API.Authentication][Tue, 11 Jul 2023 18:08:53 GMT] Setting up request middleware... 
[API.Authentication][Tue, 11 Jul 2023 18:08:53 GMT] Server is starting... 
[API.Authentication][Tue, 11 Jul 2023 18:08:53 GMT] Server is running on port 4100 
[API.Authentication][Tue, 11 Jul 2023 18:08:54 GMT] Connected to database successfully 
[API.Authentication][Tue, 11 Jul 2023 18:11:35 GMT] Setting up request middleware... 
[API.Authentication][Tue, 11 Jul 2023 18:11:35 GMT] Server is starting... 
[API.Authentication][Tue, 11 Jul 2023 18:11:35 GMT] Server is running on port 4100 
[API.Authentication][Tue, 11 Jul 2023 18:11:36 GMT] Connected to database successfully 
[API.Authentication][Tue, 11 Jul 2023 18:13:15 GMT] Setting up request middleware... 
[API.Authentication][Tue, 11 Jul 2023 18:13:15 GMT] Server is starting... 
[API.Authentication][Tue, 11 Jul 2023 18:13:15 GMT] Server is running on port 4100 
[API.Authentication][Tue, 11 Jul 2023 18:13:16 GMT] Connected to database successfully 
[API.Authentication][Tue, 11 Jul 2023 18:13:39 GMT] Setting up request middleware... 
[API.Authentication][Tue, 11 Jul 2023 18:13:39 GMT] Server is starting... 
[API.Authentication][Tue, 11 Jul 2023 18:13:39 GMT] Server is running on port 4100 
[API.Authentication][Tue, 11 Jul 2023 18:13:39 GMT] Connected to database successfully 
[API.Authentication][Tue, 11 Jul 2023 18:13:49 GMT] Setting up request middleware... 
[API.Authentication][Tue, 11 Jul 2023 18:13:49 GMT] Server is starting... 
[API.Authentication][Tue, 11 Jul 2023 18:13:49 GMT] Server is running on port 4100 
[API.Authentication][Tue, 11 Jul 2023 18:13:50 GMT] Connected to database successfully 
[API.Authentication][Tue, 11 Jul 2023 18:13:57 GMT] Setting up request middleware... 
[API.Authentication][Tue, 11 Jul 2023 18:13:57 GMT] Server is starting... 
[API.Authentication][Tue, 11 Jul 2023 18:13:57 GMT] Server is running on port 4100 
[API.Authentication][Tue, 11 Jul 2023 18:13:58 GMT] Connected to database successfully 
[API.Authentication][Tue, 11 Jul 2023 18:15:09 GMT] Setting up request middleware... 
[API.Authentication][Tue, 11 Jul 2023 18:15:09 GMT] Server is starting... 
[API.Authentication][Tue, 11 Jul 2023 18:15:09 GMT] Server is running on port 4100 
[API.Authentication][Tue, 11 Jul 2023 18:15:09 GMT] Connected to database successfully 
[API.Authentication][Tue, 11 Jul 2023 18:22:48 GMT] Setting up request middleware... 
[API.Authentication][Tue, 11 Jul 2023 18:22:48 GMT] Server is starting... 
[API.Authentication][Tue, 11 Jul 2023 18:22:48 GMT] Server is running on port 4100 
[API.Authentication][Tue, 11 Jul 2023 18:22:49 GMT] Connected to database successfully 
[API.Authentication][Wed, 12 Jul 2023 11:49:20 GMT] Setting up request middleware... 
[API.Authentication][Wed, 12 Jul 2023 11:49:20 GMT] Server is starting... 
[API.Authentication][Wed, 12 Jul 2023 11:49:20 GMT] Server is running on port 4100 
[API.Authentication][Wed, 12 Jul 2023 11:49:21 GMT] Connected to database successfully 
[API.Authentication][Wed, 12 Jul 2023 11:57:55 GMT] Setting up request middleware... 
[API.Authentication][Wed, 12 Jul 2023 11:57:55 GMT] Server is starting... 
[API.Authentication][Wed, 12 Jul 2023 11:57:55 GMT] Server is running on port 4100 
[API.Authentication][Wed, 12 Jul 2023 11:57:56 GMT] Connected to database successfully 
[API.Authentication][Wed, 12 Jul 2023 12:03:03 GMT] Setting up request middleware... 
[API.Authentication][Wed, 12 Jul 2023 12:03:03 GMT] Server is starting... 
[API.Authentication][Wed, 12 Jul 2023 12:03:03 GMT] Server is running on port 4100 
[API.Authentication][Wed, 12 Jul 2023 12:03:04 GMT] Connected to database successfully 
[API.Authentication][Wed, 12 Jul 2023 12:07:02 GMT] Setting up request middleware... 
[API.Authentication][Wed, 12 Jul 2023 12:07:02 GMT] Server is starting... 
[API.Authentication][Wed, 12 Jul 2023 12:07:02 GMT] Server is running on port 4100 
[API.Authentication][Wed, 12 Jul 2023 12:07:04 GMT] Connected to database successfully 
[API.Authentication][Wed, 12 Jul 2023 14:57:47 GMT] Setting up request middleware... 
[API.Authentication][Wed, 12 Jul 2023 14:57:47 GMT] Server is starting... 
[API.Authentication][Wed, 12 Jul 2023 14:57:47 GMT] Server is running on port 4100 
[API.Authentication][Wed, 12 Jul 2023 14:57:48 GMT] Connected to database successfully 
[API.Authentication][Wed, 12 Jul 2023 14:58:48 GMT] Setting up request middleware... 
[API.Authentication][Wed, 12 Jul 2023 14:58:48 GMT] Server is starting... 
[API.Authentication][Wed, 12 Jul 2023 14:58:48 GMT] Server is running on port 4100 
[API.Authentication][Wed, 12 Jul 2023 14:58:49 GMT] Connected to database successfully 
[API.Authentication][Wed, 12 Jul 2023 15:12:52 GMT] Setting up request middleware... 
[API.Authentication][Wed, 12 Jul 2023 15:12:52 GMT] Server is starting... 
[API.Authentication][Wed, 12 Jul 2023 15:12:52 GMT] Server is running on port 4100 
[API.Authentication][Wed, 12 Jul 2023 15:12:53 GMT] Connected to database successfully 
[API.Authentication][Wed, 12 Jul 2023 15:16:00 GMT] Setting up request middleware... 
[API.Authentication][Wed, 12 Jul 2023 15:16:00 GMT] Server is starting... 
[API.Authentication][Wed, 12 Jul 2023 15:16:00 GMT] Server is running on port 4100 
[API.Authentication][Wed, 12 Jul 2023 15:16:01 GMT] Connected to database successfully 
[API.Authentication][Wed, 12 Jul 2023 15:29:06 GMT] Setting up request middleware... 
[API.Authentication][Wed, 12 Jul 2023 15:29:06 GMT] Server is starting... 
[API.Authentication][Wed, 12 Jul 2023 15:29:06 GMT] Server is running on port 4100 
[API.Authentication][Wed, 12 Jul 2023 15:29:07 GMT] Connected to database successfully 
[API.Authentication][Wed, 12 Jul 2023 15:33:23 GMT] Setting up request middleware... 
[API.Authentication][Wed, 12 Jul 2023 15:33:23 GMT] Server is starting... 
[API.Authentication][Wed, 12 Jul 2023 15:33:23 GMT] Server is running on port 4100 
[API.Authentication][Wed, 12 Jul 2023 15:33:24 GMT] Connected to database successfully 
[API.Authentication][Wed, 12 Jul 2023 15:33:48 GMT] Setting up request middleware... 
[API.Authentication][Wed, 12 Jul 2023 15:33:48 GMT] Server is starting... 
[API.Authentication][Wed, 12 Jul 2023 15:33:48 GMT] Server is running on port 4100 
[API.Authentication][Wed, 12 Jul 2023 15:33:49 GMT] Connected to database successfully 
[API.Authentication][Wed, 12 Jul 2023 16:02:04 GMT] Setting up request middleware... 
[API.Authentication][Wed, 12 Jul 2023 16:02:04 GMT] Server is starting... 
[API.Authentication][Wed, 12 Jul 2023 16:02:04 GMT] Server is running on port 4100 
[API.Authentication][Wed, 12 Jul 2023 16:02:05 GMT] Connected to database successfully 
[API.Authentication][Wed, 12 Jul 2023 16:58:27 GMT] Setting up request middleware... 
[API.Authentication][Wed, 12 Jul 2023 16:58:27 GMT] Server is starting... 
[API.Authentication][Wed, 12 Jul 2023 16:58:27 GMT] Server is running on port 4100 
[API.Authentication][Wed, 12 Jul 2023 16:58:28 GMT] Connected to database successfully 
[API.Authentication][Thu, 20 Jul 2023 08:02:21 GMT] Setting up request middleware... 
[API.Authentication][Thu, 20 Jul 2023 08:02:21 GMT] Server is starting... 
[API.Authentication][Thu, 20 Jul 2023 08:02:21 GMT] Server is running on port 4100 
[API.Authentication][Thu, 20 Jul 2023 08:02:22 GMT] Connected to database successfully 
[API.Authentication][Thu, 20 Jul 2023 08:11:08 GMT] Setting up request middleware... 
[API.Authentication][Thu, 20 Jul 2023 08:11:08 GMT] Server is starting... 
[API.Authentication][Thu, 20 Jul 2023 08:11:08 GMT] Server is running on port 4100 
[API.Authentication][Thu, 20 Jul 2023 08:11:09 GMT] Connected to database successfully 
[API.Authentication][Fri, 21 Jul 2023 12:02:59 GMT] Setting up request middleware... 
[API.Authentication][Fri, 21 Jul 2023 12:02:59 GMT] Server is starting... 
[API.Authentication][Fri, 21 Jul 2023 12:02:59 GMT] Server is running on port 4100 
[API.Authentication][Fri, 21 Jul 2023 12:03:00 GMT] Connected to database successfully 
[API.Authentication][Thu, 27 Jul 2023 12:09:10 GMT] Setting up request middleware... 
[API.Authentication][Thu, 27 Jul 2023 12:09:10 GMT] Server is starting... 
[API.Authentication][Thu, 27 Jul 2023 12:09:10 GMT] Server is running on port 4100 
[API.Authentication][Thu, 27 Jul 2023 12:09:11 GMT] Connected to database successfully 
[API.Authentication][Thu, 27 Jul 2023 14:20:11 GMT] Setting up request middleware... 
[API.Authentication][Thu, 27 Jul 2023 14:20:11 GMT] Server is starting... 
[API.Authentication][Thu, 27 Jul 2023 14:20:11 GMT] Server is running on port 4100 
[API.Authentication][Thu, 27 Jul 2023 14:20:12 GMT] Connected to database successfully 
[API.Authentication][Fri, 28 Jul 2023 12:06:19 GMT] Setting up request middleware... 
[API.Authentication][Fri, 28 Jul 2023 12:06:19 GMT] Server is starting... 
[API.Authentication][Fri, 28 Jul 2023 12:06:19 GMT] Server is running on port 4100 
[API.Authentication][Fri, 28 Jul 2023 12:06:20 GMT] Connected to database successfully 
